2024-09-17T16:22:40.903274+00:00 INFO 'ansible_navigator.setup_logger' New ansible-navigator instance, logging initialized
2024-09-17T16:22:40.912359+00:00 INFO 'ansible_navigator.setup_logger' New ansible-runner instance, logging initialized
2024-09-17T16:22:40.912472+00:00 DEBUG 'ansible_navigator.main' ansible-builder==1.1.0 /usr/lib/python3.9/site-packages
2024-09-17T16:22:40.912502+00:00 DEBUG 'ansible_navigator.main' ansible-core==2.13.0 /usr/lib/python3.9/site-packages
2024-09-17T16:22:40.912525+00:00 DEBUG 'ansible_navigator.main' ansible-navigator==2.1.0 /usr/lib/python3.9/site-packages
2024-09-17T16:22:40.912547+00:00 DEBUG 'ansible_navigator.main' ansible-runner==2.2.0 /usr/lib/python3.9/site-packages
2024-09-17T16:22:40.912568+00:00 DEBUG 'ansible_navigator.main' attrs==21.4.0 /usr/lib/python3.9/site-packages
2024-09-17T16:22:40.912589+00:00 DEBUG 'ansible_navigator.main' babel==2.9.1 /usr/lib/python3.9/site-packages
2024-09-17T16:22:40.912609+00:00 DEBUG 'ansible_navigator.main' bindep==2.10.2 /usr/lib/python3.9/site-packages
2024-09-17T16:22:40.912629+00:00 DEBUG 'ansible_navigator.main' brlapi==0.8.2 /usr/lib64/python3.9/site-packages
2024-09-17T16:22:40.912667+00:00 DEBUG 'ansible_navigator.main' certifi==2020.6.20 /usr/lib/python3.9/site-packages
2024-09-17T16:22:40.912688+00:00 DEBUG 'ansible_navigator.main' cffi==1.15.0 /usr/lib64/python3.9/site-packages
2024-09-17T16:22:40.912709+00:00 DEBUG 'ansible_navigator.main' chardet==4.0.0 /usr/lib/python3.9/site-packages
2024-09-17T16:22:40.912728+00:00 DEBUG 'ansible_navigator.main' charset-normalizer==2.0.11 /usr/lib/python3.9/site-packages
2024-09-17T16:22:40.912748+00:00 DEBUG 'ansible_navigator.main' chrome-gnome-shell==0.0.0 /usr/lib/python3.9/site-packages
2024-09-17T16:22:40.912768+00:00 DEBUG 'ansible_navigator.main' cloud-init==21.1 /usr/lib/python3.9/site-packages
2024-09-17T16:22:40.912787+00:00 DEBUG 'ansible_navigator.main' configobj==5.0.6 /usr/lib/python3.9/site-packages
2024-09-17T16:22:40.912807+00:00 DEBUG 'ansible_navigator.main' cryptography==36.0.1 /usr/lib64/python3.9/site-packages
2024-09-17T16:22:40.912827+00:00 DEBUG 'ansible_navigator.main' cupshelpers==1.0 /usr/lib/python3.9/site-packages
2024-09-17T16:22:40.912847+00:00 DEBUG 'ansible_navigator.main' dasbus==1.4 /usr/lib/python3.9/site-packages
2024-09-17T16:22:40.912867+00:00 DEBUG 'ansible_navigator.main' dbus-python==1.2.18 /usr/lib64/python3.9/site-packages
2024-09-17T16:22:40.912886+00:00 DEBUG 'ansible_navigator.main' decorator==4.4.2 /usr/lib/python3.9/site-packages
2024-09-17T16:22:40.912906+00:00 DEBUG 'ansible_navigator.main' distlib==0.3.4 /usr/local/lib/python3.9/site-packages
2024-09-17T16:22:40.912925+00:00 DEBUG 'ansible_navigator.main' distro==1.6.0 /usr/lib/python3.9/site-packages
2024-09-17T16:22:40.912945+00:00 DEBUG 'ansible_navigator.main' docutils==0.16 /usr/lib/python3.9/site-packages
2024-09-17T16:22:40.912986+00:00 DEBUG 'ansible_navigator.main' ethtool==0.15 /usr/lib64/python3.9/site-packages
2024-09-17T16:22:40.913012+00:00 DEBUG 'ansible_navigator.main' file-magic==0.4.0 /usr/lib/python3.9/site-packages
2024-09-17T16:22:40.913032+00:00 DEBUG 'ansible_navigator.main' filelock==3.7.0 /usr/local/lib/python3.9/site-packages
2024-09-17T16:22:40.913051+00:00 DEBUG 'ansible_navigator.main' gpg==1.15.1 /usr/lib64/python3.9/site-packages
2024-09-17T16:22:40.913071+00:00 DEBUG 'ansible_navigator.main' idna==3.3 /usr/lib/python3.9/site-packages
2024-09-17T16:22:40.913091+00:00 DEBUG 'ansible_navigator.main' iniparse==0.4 /usr/lib/python3.9/site-packages
2024-09-17T16:22:40.913110+00:00 DEBUG 'ansible_navigator.main' jinja2==3.0.3 /usr/lib/python3.9/site-packages
2024-09-17T16:22:40.913130+00:00 DEBUG 'ansible_navigator.main' jsonpatch==1.21 /usr/lib/python3.9/site-packages
2024-09-17T16:22:40.913149+00:00 DEBUG 'ansible_navigator.main' jsonpointer==2.0 /usr/lib/python3.9/site-packages
2024-09-17T16:22:40.913169+00:00 DEBUG 'ansible_navigator.main' jsonschema==3.2.0 /usr/lib/python3.9/site-packages
2024-09-17T16:22:40.913188+00:00 DEBUG 'ansible_navigator.main' libcomps==0.1.18 /usr/lib64/python3.9/site-packages
2024-09-17T16:22:40.913221+00:00 DEBUG 'ansible_navigator.main' lockfile==0.12.2 /usr/lib/python3.9/site-packages
2024-09-17T16:22:40.913242+00:00 DEBUG 'ansible_navigator.main' lxml==4.6.5 /usr/lib64/python3.9/site-packages
2024-09-17T16:22:40.913262+00:00 DEBUG 'ansible_navigator.main' markupsafe==2.1.0 /usr/lib64/python3.9/site-packages
2024-09-17T16:22:40.913282+00:00 DEBUG 'ansible_navigator.main' netifaces==0.10.6 /usr/lib64/python3.9/site-packages
2024-09-17T16:22:40.913301+00:00 DEBUG 'ansible_navigator.main' nftables==0.1 /usr/lib/python3.9/site-packages
2024-09-17T16:22:40.913321+00:00 DEBUG 'ansible_navigator.main' oauthlib==3.1.1 /usr/lib/python3.9/site-packages
2024-09-17T16:22:40.913341+00:00 DEBUG 'ansible_navigator.main' onigurumacffi==1.1.0 /usr/lib64/python3.9/site-packages
2024-09-17T16:22:40.913362+00:00 DEBUG 'ansible_navigator.main' packaging==21.2 /usr/lib/python3.9/site-packages
2024-09-17T16:22:40.913391+00:00 DEBUG 'ansible_navigator.main' parsley==1.3 /usr/lib/python3.9/site-packages
2024-09-17T16:22:40.913412+00:00 DEBUG 'ansible_navigator.main' pbr==5.8.1 /usr/lib/python3.9/site-packages
2024-09-17T16:22:40.913432+00:00 DEBUG 'ansible_navigator.main' perf==0.1 /usr/lib64/python3.9/site-packages
2024-09-17T16:22:40.913451+00:00 DEBUG 'ansible_navigator.main' pexpect==4.8.0 /usr/lib/python3.9/site-packages
2024-09-17T16:22:40.913471+00:00 DEBUG 'ansible_navigator.main' pip==21.2.3 /usr/lib/python3.9/site-packages
2024-09-17T16:22:40.913490+00:00 DEBUG 'ansible_navigator.main' platformdirs==2.5.2 /usr/local/lib/python3.9/site-packages
2024-09-17T16:22:40.913510+00:00 DEBUG 'ansible_navigator.main' ply==3.11 /usr/lib/python3.9/site-packages
2024-09-17T16:22:40.913529+00:00 DEBUG 'ansible_navigator.main' prettytable==0.7.2 /usr/lib/python3.9/site-packages
2024-09-17T16:22:40.913549+00:00 DEBUG 'ansible_navigator.main' psutil==5.8.0 /usr/lib64/python3.9/site-packages
2024-09-17T16:22:40.913568+00:00 DEBUG 'ansible_navigator.main' ptyprocess==0.6.0 /usr/lib/python3.9/site-packages
2024-09-17T16:22:40.913588+00:00 DEBUG 'ansible_navigator.main' pycairo==1.20.0 /usr/lib64/python3.9/site-packages
2024-09-17T16:22:40.913608+00:00 DEBUG 'ansible_navigator.main' pycparser==2.21 /usr/lib/python3.9/site-packages
2024-09-17T16:22:40.913627+00:00 DEBUG 'ansible_navigator.main' pycups==2.0.1 /usr/lib64/python3.9/site-packages
2024-09-17T16:22:40.913658+00:00 DEBUG 'ansible_navigator.main' pycurl==7.43.0.6 /usr/lib64/python3.9/site-packages
2024-09-17T16:22:40.913678+00:00 DEBUG 'ansible_navigator.main' pyenchant==3.2.0 /usr/lib/python3.9/site-packages
2024-09-17T16:22:40.913697+00:00 DEBUG 'ansible_navigator.main' pygobject==3.40.1 /usr/lib64/python3.9/site-packages
2024-09-17T16:22:40.913716+00:00 DEBUG 'ansible_navigator.main' pyinotify==0.9.6 /usr/lib/python3.9/site-packages
2024-09-17T16:22:40.913736+00:00 DEBUG 'ansible_navigator.main' pyopenssl==19.1.0 /usr/lib/python3.9/site-packages
2024-09-17T16:22:40.913755+00:00 DEBUG 'ansible_navigator.main' pyparsing==2.4.7 /usr/lib/python3.9/site-packages
2024-09-17T16:22:40.913774+00:00 DEBUG 'ansible_navigator.main' pyrsistent==0.17.3 /usr/lib64/python3.9/site-packages
2024-09-17T16:22:40.913794+00:00 DEBUG 'ansible_navigator.main' pyserial==3.4 /usr/lib/python3.9/site-packages
2024-09-17T16:22:40.913813+00:00 DEBUG 'ansible_navigator.main' pysocks==1.7.1 /usr/lib/python3.9/site-packages
2024-09-17T16:22:40.913832+00:00 DEBUG 'ansible_navigator.main' python-daemon==2.3.0 /usr/lib/python3.9/site-packages
2024-09-17T16:22:40.913852+00:00 DEBUG 'ansible_navigator.main' python-dateutil==2.8.1 /usr/lib/python3.9/site-packages
2024-09-17T16:22:40.913871+00:00 DEBUG 'ansible_navigator.main' python-dmidecode==3.12.2 /usr/lib64/python3.9/site-packages
2024-09-17T16:22:40.913890+00:00 DEBUG 'ansible_navigator.main' python-linux-procfs==0.7.0 /usr/lib/python3.9/site-packages
2024-09-17T16:22:40.913909+00:00 DEBUG 'ansible_navigator.main' pytz==2021.3 /usr/lib/python3.9/site-packages
2024-09-17T16:22:40.913928+00:00 DEBUG 'ansible_navigator.main' pyudev==0.22.0 /usr/lib/python3.9/site-packages
2024-09-17T16:22:40.913957+00:00 DEBUG 'ansible_navigator.main' pyxdg==0.27 /usr/lib/python3.9/site-packages
2024-09-17T16:22:40.913993+00:00 DEBUG 'ansible_navigator.main' pyyaml==5.4.1 /usr/lib64/python3.9/site-packages
2024-09-17T16:22:40.914012+00:00 DEBUG 'ansible_navigator.main' requests==2.27.1 /usr/lib/python3.9/site-packages
2024-09-17T16:22:40.914032+00:00 DEBUG 'ansible_navigator.main' requirements-parser==0.2.0 /usr/lib/python3.9/site-packages
2024-09-17T16:22:40.914051+00:00 DEBUG 'ansible_navigator.main' resolvelib==0.5.4 /usr/lib/python3.9/site-packages
2024-09-17T16:22:40.914071+00:00 DEBUG 'ansible_navigator.main' rpm==4.16.1.3 /usr/lib64/python3.9/site-packages
2024-09-17T16:22:40.914090+00:00 DEBUG 'ansible_navigator.main' selinux==3.3 /usr/lib64/python3.9/site-packages
2024-09-17T16:22:40.914109+00:00 DEBUG 'ansible_navigator.main' sepolicy==3.3 /usr/lib/python3.9/site-packages
2024-09-17T16:22:40.914129+00:00 DEBUG 'ansible_navigator.main' setools==4.4.0 /usr/lib64/python3.9/site-packages
2024-09-17T16:22:40.914148+00:00 DEBUG 'ansible_navigator.main' setroubleshoot==1.1 /usr/lib/python3.9/site-packages
2024-09-17T16:22:40.914167+00:00 DEBUG 'ansible_navigator.main' setuptools==53.0.0 /usr/lib/python3.9/site-packages
2024-09-17T16:22:40.914187+00:00 DEBUG 'ansible_navigator.main' six==1.16.0 /usr/lib/python3.9/site-packages
2024-09-17T16:22:40.914206+00:00 DEBUG 'ansible_navigator.main' sos==4.2 /usr/lib/python3.9/site-packages
2024-09-17T16:22:40.914225+00:00 DEBUG 'ansible_navigator.main' subscription-manager==1.29.26 /usr/lib64/python3.9/site-packages
2024-09-17T16:22:40.914245+00:00 DEBUG 'ansible_navigator.main' systemd-python==234 /usr/lib64/python3.9/site-packages
2024-09-17T16:22:40.914264+00:00 DEBUG 'ansible_navigator.main' urllib3==1.26.8 /usr/lib/python3.9/site-packages
2024-09-17T16:22:40.914283+00:00 DEBUG 'ansible_navigator.main' virtualenv==20.14.1 /usr/local/lib/python3.9/site-packages
2024-09-17T16:22:40.914303+00:00 DEBUG 'ansible_navigator.main' Share directory '/usr/lib/python3.9/share/ansible_navigator' not found (development path)
2024-09-17T16:22:40.914323+00:00 DEBUG 'ansible_navigator.main' Share directory '/home/student/.local/share/ansible_navigator' not found (userbase)
2024-09-17T16:22:40.914343+00:00 DEBUG 'ansible_navigator.main' Share directory '/usr/share/ansible_navigator' found (sys.prefix)
2024-09-17T16:22:40.914362+00:00 DEBUG 'ansible_navigator.main' Default collection_doc_cache_path set to: /home/student/.cache/ansible-navigator/collection_doc_cache.db
2024-09-17T16:22:40.914389+00:00 DEBUG 'ansible_navigator.main' EDITOR environment variable not set
2024-09-17T16:22:40.914416+00:00 DEBUG 'ansible_navigator.main' Default editor_command set to: vi +{line_number} {filename}
2024-09-17T16:22:40.914435+00:00 DEBUG 'ansible_navigator.main' No config file set by ANSIBLE_NAVIGATOR_CONFIG
2024-09-17T16:22:40.914454+00:00 DEBUG 'ansible_navigator.main' Looking in /home/student
2024-09-17T16:22:40.914474+00:00 DEBUG 'ansible_navigator.main' Looking for '/home/student/.ansible-navigator.yml', '/home/student/.ansible-navigator.yaml' and '/home/student/.ansible-navigator.json'
2024-09-17T16:22:40.914496+00:00 DEBUG 'ansible_navigator.main' Found 1: '/home/student/.ansible-navigator.yml'
2024-09-17T16:22:40.914515+00:00 DEBUG 'ansible_navigator.main' Looking in /home/student/control-review
2024-09-17T16:22:40.914536+00:00 DEBUG 'ansible_navigator.main' Looking for '/home/student/control-review/ansible-navigator.yml', '/home/student/control-review/ansible-navigator.yaml' and '/home/student/control-review/ansible-navigator.json'
2024-09-17T16:22:40.914557+00:00 DEBUG 'ansible_navigator.main' Found 0: 
2024-09-17T16:22:40.914577+00:00 DEBUG 'ansible_navigator.main' All found 1: '/home/student/.ansible-navigator.yml'
2024-09-17T16:22:40.914597+00:00 DEBUG 'ansible_navigator.main' Using: /home/student/.ansible-navigator.yml
2024-09-17T16:22:40.914616+00:00 DEBUG 'ansible_navigator.main' Using settings file at /home/student/.ansible-navigator.yml in search path
2024-09-17T16:22:40.914658+00:00 DEBUG 'ansible_navigator.main' Command provided: 'gather-facts'
2024-09-17T16:22:40.914681+00:00 DEBUG 'ansible_navigator.main' ansible-navigator.ansible-runner.artifact-dir not found in settings file
2024-09-17T16:22:40.914701+00:00 DEBUG 'ansible_navigator.main' ansible-navigator.ansible-runner.rotate-artifacts-count not found in settings file
2024-09-17T16:22:40.914721+00:00 DEBUG 'ansible_navigator.main' ansible-navigator.ansible-runner.timeout not found in settings file
2024-09-17T16:22:40.914741+00:00 DEBUG 'ansible_navigator.main' ansible-navigator.app not found in settings file
2024-09-17T16:22:40.914761+00:00 DEBUG 'ansible_navigator.main' ansible-navigator.ansible.cmdline not found in settings file
2024-09-17T16:22:40.914780+00:00 DEBUG 'ansible_navigator.main' ansible-navigator.collection-doc-cache-path not found in settings file
2024-09-17T16:22:40.914800+00:00 DEBUG 'ansible_navigator.main' ansible-navigator.ansible.config.path not found in settings file
2024-09-17T16:22:40.914819+00:00 DEBUG 'ansible_navigator.main' ansible-navigator.execution-environment.container-engine not found in settings file
2024-09-17T16:22:40.914839+00:00 DEBUG 'ansible_navigator.main' ansible-navigator.execution-environment.container-options not found in settings file
2024-09-17T16:22:40.914859+00:00 DEBUG 'ansible_navigator.main' ansible-navigator.color.enable not found in settings file
2024-09-17T16:22:40.914879+00:00 DEBUG 'ansible_navigator.main' ansible-navigator.editor.command not found in settings file
2024-09-17T16:22:40.914898+00:00 DEBUG 'ansible_navigator.main' ansible-navigator.editor.console not found in settings file
2024-09-17T16:22:40.914918+00:00 DEBUG 'ansible_navigator.main' ansible-navigator.exec.command not found in settings file
2024-09-17T16:22:40.914937+00:00 DEBUG 'ansible_navigator.main' ansible-navigator.exec.shell not found in settings file
2024-09-17T16:22:40.914957+00:00 DEBUG 'ansible_navigator.main' ansible-navigator.execution-environment.enabled not found in settings file
2024-09-17T16:22:40.914993+00:00 DEBUG 'ansible_navigator.main' ansible-navigator.execution-environment.volume-mounts not found in settings file
2024-09-17T16:22:40.915013+00:00 DEBUG 'ansible_navigator.main' ansible-navigator.ansible-builder.help not found in settings file
2024-09-17T16:22:40.915033+00:00 DEBUG 'ansible_navigator.main' ansible-navigator.ansible.config.help not found in settings file
2024-09-17T16:22:40.915052+00:00 DEBUG 'ansible_navigator.main' ansible-navigator.ansible.doc.help not found in settings file
2024-09-17T16:22:40.915072+00:00 DEBUG 'ansible_navigator.main' ansible-navigator.ansible.inventory.help not found in settings file
2024-09-17T16:22:40.915092+00:00 DEBUG 'ansible_navigator.main' ansible-navigator.ansible.playbook.help not found in settings file
2024-09-17T16:22:40.915111+00:00 DEBUG 'ansible_navigator.main' ansible-navigator.images.details not found in settings file
2024-09-17T16:22:40.915130+00:00 DEBUG 'ansible_navigator.main' ansible-navigator.ansible.inventory.entries not found in settings file
2024-09-17T16:22:40.915150+00:00 DEBUG 'ansible_navigator.main' ansible-navigator.inventory-columns not found in settings file
2024-09-17T16:22:40.915169+00:00 DEBUG 'ansible_navigator.main' ansible-navigator.ansible-lint.config not found in settings file
2024-09-17T16:22:40.915189+00:00 DEBUG 'ansible_navigator.main' ansible-navigator.ansible-lint.lintables not found in settings file
2024-09-17T16:22:40.915209+00:00 DEBUG 'ansible_navigator.main' ansible-navigator.logging.append not found in settings file
2024-09-17T16:22:40.915228+00:00 DEBUG 'ansible_navigator.main' ansible-navigator.logging.file not found in settings file
2024-09-17T16:22:40.915248+00:00 DEBUG 'ansible_navigator.main' ansible-navigator.logging.level not found in settings file
2024-09-17T16:22:40.915267+00:00 DEBUG 'ansible_navigator.main' ansible-navigator.mode not found in settings file
2024-09-17T16:22:40.915287+00:00 DEBUG 'ansible_navigator.main' ansible-navigator.color.osc4 not found in settings file
2024-09-17T16:22:40.915315+00:00 DEBUG 'ansible_navigator.main' ansible-navigator.execution-environment.environment-variables.pass not found in settings file
2024-09-17T16:22:40.915336+00:00 DEBUG 'ansible_navigator.main' ansible-navigator.ansible.playbook.path not found in settings file
2024-09-17T16:22:40.915355+00:00 DEBUG 'ansible_navigator.main' ansible-navigator.playbook-artifact.enable not found in settings file
2024-09-17T16:22:40.915375+00:00 DEBUG 'ansible_navigator.main' ansible-navigator.playbook-artifact.replay not found in settings file
2024-09-17T16:22:40.915402+00:00 DEBUG 'ansible_navigator.main' ansible-navigator.playbook-artifact.save-as not found in settings file
2024-09-17T16:22:40.915425+00:00 DEBUG 'ansible_navigator.main' ansible-navigator.ansible.doc.plugin.name not found in settings file
2024-09-17T16:22:40.915444+00:00 DEBUG 'ansible_navigator.main' ansible-navigator.ansible.doc.plugin.type not found in settings file
2024-09-17T16:22:40.915464+00:00 DEBUG 'ansible_navigator.main' ansible-navigator.execution-environment.pull.arguments not found in settings file
2024-09-17T16:22:40.915484+00:00 DEBUG 'ansible_navigator.main' ansible-navigator.execution-environment.environment-variables.set not found in settings file
2024-09-17T16:22:40.915503+00:00 DEBUG 'ansible_navigator.main' ansible-navigator.settings.effective not found in settings file
2024-09-17T16:22:40.915523+00:00 DEBUG 'ansible_navigator.main' ansible-navigator.settings.sample not found in settings file
2024-09-17T16:22:40.915543+00:00 DEBUG 'ansible_navigator.main' ansible-navigator.settings.schema not found in settings file
2024-09-17T16:22:40.915567+00:00 DEBUG 'ansible_navigator.main' ansible-navigator.settings.sources not found in settings file
2024-09-17T16:22:40.915586+00:00 DEBUG 'ansible_navigator.main' ansible-navigator.time-zone not found in settings file
2024-09-17T16:22:40.915606+00:00 DEBUG 'ansible_navigator.main' ansible-navigator.ansible-builder.workdir not found in settings file
2024-09-17T16:22:40.915633+00:00 WARNING 'ansible_navigator.main' Configuration errors encountered, rolling back to previous configuration.
2024-09-17T16:22:40.915664+00:00 DEBUG 'ansible_navigator.main' Prior to rollback: ansible_runner_artifact_dir = 'Not set' (Constants/Not set)
2024-09-17T16:22:40.915684+00:00 DEBUG 'ansible_navigator.main' Prior to rollback: ansible_runner_rotate_artifacts_count = 'Not set' (Constants/Not set)
2024-09-17T16:22:40.915704+00:00 DEBUG 'ansible_navigator.main' Prior to rollback: ansible_runner_timeout = 'Not set' (Constants/Not set)
2024-09-17T16:22:40.915724+00:00 DEBUG 'ansible_navigator.main' Prior to rollback: app = 'welcome' (str/Defaults)
2024-09-17T16:22:40.915744+00:00 DEBUG 'ansible_navigator.main' Prior to rollback: cmdline = '['gather-facts']' (list/Command line)
2024-09-17T16:22:40.915763+00:00 DEBUG 'ansible_navigator.main' Prior to rollback: collection_doc_cache_path = '/home/student/.cache/ansible-navigator/collection_doc_cache.db' (str/Defaults)
2024-09-17T16:22:40.915783+00:00 DEBUG 'ansible_navigator.main' Prior to rollback: config = 'Not set' (Constants/Not set)
2024-09-17T16:22:40.915803+00:00 DEBUG 'ansible_navigator.main' Prior to rollback: container_engine = 'auto' (str/Defaults)
2024-09-17T16:22:40.915822+00:00 DEBUG 'ansible_navigator.main' Prior to rollback: container_options = 'Not set' (Constants/Not set)
2024-09-17T16:22:40.915842+00:00 DEBUG 'ansible_navigator.main' Prior to rollback: display_color = 'True' (bool/Defaults)
2024-09-17T16:22:40.915862+00:00 DEBUG 'ansible_navigator.main' Prior to rollback: editor_command = 'vi +{line_number} {filename}' (str/Defaults)
2024-09-17T16:22:40.915881+00:00 DEBUG 'ansible_navigator.main' Prior to rollback: editor_console = 'True' (bool/Defaults)
2024-09-17T16:22:40.915901+00:00 DEBUG 'ansible_navigator.main' Prior to rollback: exec_command = '/bin/bash' (str/Defaults)
2024-09-17T16:22:40.915920+00:00 DEBUG 'ansible_navigator.main' Prior to rollback: exec_shell = 'True' (bool/Defaults)
2024-09-17T16:22:40.915950+00:00 DEBUG 'ansible_navigator.main' Prior to rollback: execution_environment = 'True' (bool/Defaults)
2024-09-17T16:22:40.915983+00:00 DEBUG 'ansible_navigator.main' Prior to rollback: execution_environment_image = 'utility.lab.example.com/ee-supported-rhel8:latest' (str/Settings file)
2024-09-17T16:22:40.916003+00:00 DEBUG 'ansible_navigator.main' Prior to rollback: execution_environment_volume_mounts = 'Not set' (Constants/Not set)
2024-09-17T16:22:40.916023+00:00 DEBUG 'ansible_navigator.main' Prior to rollback: help_builder = 'False' (bool/Defaults)
2024-09-17T16:22:40.916043+00:00 DEBUG 'ansible_navigator.main' Prior to rollback: help_config = 'False' (bool/Defaults)
2024-09-17T16:22:40.916062+00:00 DEBUG 'ansible_navigator.main' Prior to rollback: help_doc = 'False' (bool/Defaults)
2024-09-17T16:22:40.916081+00:00 DEBUG 'ansible_navigator.main' Prior to rollback: help_inventory = 'False' (bool/Defaults)
2024-09-17T16:22:40.916101+00:00 DEBUG 'ansible_navigator.main' Prior to rollback: help_playbook = 'False' (bool/Defaults)
2024-09-17T16:22:40.916120+00:00 DEBUG 'ansible_navigator.main' Prior to rollback: images_details = '['everything']' (list/Defaults)
2024-09-17T16:22:40.916139+00:00 DEBUG 'ansible_navigator.main' Prior to rollback: inventory = 'Not set' (Constants/Not set)
2024-09-17T16:22:40.916159+00:00 DEBUG 'ansible_navigator.main' Prior to rollback: inventory_column = 'Not set' (Constants/Not set)
2024-09-17T16:22:40.916179+00:00 DEBUG 'ansible_navigator.main' Prior to rollback: lint_config = 'Not set' (Constants/Not set)
2024-09-17T16:22:40.916198+00:00 DEBUG 'ansible_navigator.main' Prior to rollback: lintables = 'Not set' (Constants/Not set)
2024-09-17T16:22:40.916218+00:00 DEBUG 'ansible_navigator.main' Prior to rollback: log_append = 'True' (bool/Defaults)
2024-09-17T16:22:40.916237+00:00 DEBUG 'ansible_navigator.main' Prior to rollback: log_file = '/home/student/control-review/ansible-navigator.log' (str/Defaults)
2024-09-17T16:22:40.916257+00:00 DEBUG 'ansible_navigator.main' Prior to rollback: log_level = 'warning' (str/Defaults)
2024-09-17T16:22:40.916277+00:00 DEBUG 'ansible_navigator.main' Prior to rollback: mode = 'interactive' (str/Defaults)
2024-09-17T16:22:40.916296+00:00 DEBUG 'ansible_navigator.main' Prior to rollback: osc4 = 'True' (bool/Defaults)
2024-09-17T16:22:40.916316+00:00 DEBUG 'ansible_navigator.main' Prior to rollback: pass_environment_variable = 'Not set' (Constants/Not set)
2024-09-17T16:22:40.916336+00:00 DEBUG 'ansible_navigator.main' Prior to rollback: playbook = 'Not set' (Constants/Not set)
2024-09-17T16:22:40.916355+00:00 DEBUG 'ansible_navigator.main' Prior to rollback: playbook_artifact_enable = 'True' (bool/Defaults)
2024-09-17T16:22:40.916374+00:00 DEBUG 'ansible_navigator.main' Prior to rollback: playbook_artifact_replay = 'Not set' (Constants/Not set)
2024-09-17T16:22:40.916394+00:00 DEBUG 'ansible_navigator.main' Prior to rollback: playbook_artifact_save_as = '{playbook_dir}/{playbook_name}-artifact-{time_stamp}.json' (str/Defaults)
2024-09-17T16:22:40.916423+00:00 DEBUG 'ansible_navigator.main' Prior to rollback: plugin_name = 'Not set' (Constants/Not set)
2024-09-17T16:22:40.916444+00:00 DEBUG 'ansible_navigator.main' Prior to rollback: plugin_type = 'module' (str/Defaults)
2024-09-17T16:22:40.916463+00:00 DEBUG 'ansible_navigator.main' Prior to rollback: pull_arguments = 'Not set' (Constants/Not set)
2024-09-17T16:22:40.916483+00:00 DEBUG 'ansible_navigator.main' Prior to rollback: pull_policy = 'missing' (str/Settings file)
2024-09-17T16:22:40.916502+00:00 DEBUG 'ansible_navigator.main' Prior to rollback: set_environment_variable = 'Not set' (Constants/Not set)
2024-09-17T16:22:40.916522+00:00 DEBUG 'ansible_navigator.main' Prior to rollback: settings_effective = 'False' (bool/Defaults)
2024-09-17T16:22:40.916541+00:00 DEBUG 'ansible_navigator.main' Prior to rollback: settings_sample = 'False' (bool/Defaults)
2024-09-17T16:22:40.916560+00:00 DEBUG 'ansible_navigator.main' Prior to rollback: settings_schema = 'json' (str/Defaults)
2024-09-17T16:22:40.916592+00:00 DEBUG 'ansible_navigator.main' Prior to rollback: settings_sources = 'False' (bool/Defaults)
2024-09-17T16:22:40.916612+00:00 DEBUG 'ansible_navigator.main' Prior to rollback: time_zone = 'UTC' (str/Defaults)
2024-09-17T16:22:40.916632+00:00 DEBUG 'ansible_navigator.main' Prior to rollback: workdir = '/home/student/control-review' (str/Defaults)
2024-09-17T16:22:40.916664+00:00 DEBUG 'ansible_navigator.main' After rollback: ansible_runner_artifact_dir = 'Not set' (Constants/Not set)
2024-09-17T16:22:40.916683+00:00 DEBUG 'ansible_navigator.main' After rollback: ansible_runner_rotate_artifacts_count = 'Not set' (Constants/Not set)
2024-09-17T16:22:40.916703+00:00 DEBUG 'ansible_navigator.main' After rollback: ansible_runner_timeout = 'Not set' (Constants/Not set)
2024-09-17T16:22:40.916722+00:00 DEBUG 'ansible_navigator.main' After rollback: app = 'Not set' (Constants/Not set)
2024-09-17T16:22:40.916742+00:00 DEBUG 'ansible_navigator.main' After rollback: cmdline = 'Not set' (Constants/Not set)
2024-09-17T16:22:40.916761+00:00 DEBUG 'ansible_navigator.main' After rollback: collection_doc_cache_path = 'Not set' (Constants/Not set)
2024-09-17T16:22:40.916780+00:00 DEBUG 'ansible_navigator.main' After rollback: config = 'Not set' (Constants/Not set)
2024-09-17T16:22:40.916800+00:00 DEBUG 'ansible_navigator.main' After rollback: container_engine = 'Not set' (Constants/Not set)
2024-09-17T16:22:40.916819+00:00 DEBUG 'ansible_navigator.main' After rollback: container_options = 'Not set' (Constants/Not set)
2024-09-17T16:22:40.916838+00:00 DEBUG 'ansible_navigator.main' After rollback: display_color = 'Not set' (Constants/Not set)
2024-09-17T16:22:40.916857+00:00 DEBUG 'ansible_navigator.main' After rollback: editor_command = 'Not set' (Constants/Not set)
2024-09-17T16:22:40.916877+00:00 DEBUG 'ansible_navigator.main' After rollback: editor_console = 'Not set' (Constants/Not set)
2024-09-17T16:22:40.916896+00:00 DEBUG 'ansible_navigator.main' After rollback: exec_command = 'Not set' (Constants/Not set)
2024-09-17T16:22:40.916915+00:00 DEBUG 'ansible_navigator.main' After rollback: exec_shell = 'Not set' (Constants/Not set)
2024-09-17T16:22:40.916934+00:00 DEBUG 'ansible_navigator.main' After rollback: execution_environment = 'Not set' (Constants/Not set)
2024-09-17T16:22:40.916953+00:00 DEBUG 'ansible_navigator.main' After rollback: execution_environment_image = 'Not set' (Constants/Not set)
2024-09-17T16:22:40.916984+00:00 DEBUG 'ansible_navigator.main' After rollback: execution_environment_volume_mounts = 'Not set' (Constants/Not set)
2024-09-17T16:22:40.917005+00:00 DEBUG 'ansible_navigator.main' After rollback: help_builder = 'Not set' (Constants/Not set)
2024-09-17T16:22:40.917025+00:00 DEBUG 'ansible_navigator.main' After rollback: help_config = 'Not set' (Constants/Not set)
2024-09-17T16:22:40.917044+00:00 DEBUG 'ansible_navigator.main' After rollback: help_doc = 'Not set' (Constants/Not set)
2024-09-17T16:22:40.917063+00:00 DEBUG 'ansible_navigator.main' After rollback: help_inventory = 'Not set' (Constants/Not set)
2024-09-17T16:22:40.917083+00:00 DEBUG 'ansible_navigator.main' After rollback: help_playbook = 'Not set' (Constants/Not set)
2024-09-17T16:22:40.917102+00:00 DEBUG 'ansible_navigator.main' After rollback: images_details = 'Not set' (Constants/Not set)
2024-09-17T16:22:40.917121+00:00 DEBUG 'ansible_navigator.main' After rollback: inventory = 'Not set' (Constants/Not set)
2024-09-17T16:22:40.917140+00:00 DEBUG 'ansible_navigator.main' After rollback: inventory_column = 'Not set' (Constants/Not set)
2024-09-17T16:22:40.917159+00:00 DEBUG 'ansible_navigator.main' After rollback: lint_config = 'Not set' (Constants/Not set)
2024-09-17T16:22:40.917179+00:00 DEBUG 'ansible_navigator.main' After rollback: lintables = 'Not set' (Constants/Not set)
2024-09-17T16:22:40.917197+00:00 DEBUG 'ansible_navigator.main' After rollback: log_append = 'Not set' (Constants/Not set)
2024-09-17T16:22:40.917217+00:00 DEBUG 'ansible_navigator.main' After rollback: log_file = 'Not set' (Constants/Not set)
2024-09-17T16:22:40.917244+00:00 DEBUG 'ansible_navigator.main' After rollback: log_level = 'Not set' (Constants/Not set)
2024-09-17T16:22:40.917264+00:00 DEBUG 'ansible_navigator.main' After rollback: mode = 'Not set' (Constants/Not set)
2024-09-17T16:22:40.917284+00:00 DEBUG 'ansible_navigator.main' After rollback: osc4 = 'Not set' (Constants/Not set)
2024-09-17T16:22:40.917303+00:00 DEBUG 'ansible_navigator.main' After rollback: pass_environment_variable = 'Not set' (Constants/Not set)
2024-09-17T16:22:40.917322+00:00 DEBUG 'ansible_navigator.main' After rollback: playbook = 'Not set' (Constants/Not set)
2024-09-17T16:22:40.917342+00:00 DEBUG 'ansible_navigator.main' After rollback: playbook_artifact_enable = 'Not set' (Constants/Not set)
2024-09-17T16:22:40.917361+00:00 DEBUG 'ansible_navigator.main' After rollback: playbook_artifact_replay = 'Not set' (Constants/Not set)
2024-09-17T16:22:40.917380+00:00 DEBUG 'ansible_navigator.main' After rollback: playbook_artifact_save_as = 'Not set' (Constants/Not set)
2024-09-17T16:22:40.917400+00:00 DEBUG 'ansible_navigator.main' After rollback: plugin_name = 'Not set' (Constants/Not set)
2024-09-17T16:22:40.917428+00:00 DEBUG 'ansible_navigator.main' After rollback: plugin_type = 'Not set' (Constants/Not set)
2024-09-17T16:22:40.917452+00:00 DEBUG 'ansible_navigator.main' After rollback: pull_arguments = 'Not set' (Constants/Not set)
2024-09-17T16:22:40.917472+00:00 DEBUG 'ansible_navigator.main' After rollback: pull_policy = 'Not set' (Constants/Not set)
2024-09-17T16:22:40.917491+00:00 DEBUG 'ansible_navigator.main' After rollback: set_environment_variable = 'Not set' (Constants/Not set)
2024-09-17T16:22:40.917511+00:00 DEBUG 'ansible_navigator.main' After rollback: settings_effective = 'Not set' (Constants/Not set)
2024-09-17T16:22:40.917530+00:00 DEBUG 'ansible_navigator.main' After rollback: settings_sample = 'Not set' (Constants/Not set)
2024-09-17T16:22:40.917549+00:00 DEBUG 'ansible_navigator.main' After rollback: settings_schema = 'Not set' (Constants/Not set)
2024-09-17T16:22:40.917568+00:00 DEBUG 'ansible_navigator.main' After rollback: settings_sources = 'Not set' (Constants/Not set)
2024-09-17T16:22:40.917587+00:00 DEBUG 'ansible_navigator.main' After rollback: time_zone = 'Not set' (Constants/Not set)
2024-09-17T16:22:40.917606+00:00 DEBUG 'ansible_navigator.main' After rollback: workdir = 'Not set' (Constants/Not set)
2024-09-17T16:22:40.917626+00:00 DEBUG 'ansible_navigator.main' Configuration rollback complete.
2024-09-17T16:22:40.917655+00:00 DEBUG 'ansible_navigator.main' Collection doc cache not mounted
2024-09-17T16:22:40.917699+00:00 WARNING 'ansible_navigator.main' Issues were found while applying the settings.
2024-09-17T16:22:40.917723+00:00 INFO 'ansible_navigator.main' Command provided: 'gather-facts'
2024-09-17T16:22:40.917750+00:00 ERROR 'ansible_navigator.main' argument {subcommand} --help: invalid choice: 'gather-facts' (choose from 'builder', 'collections', 'config', 'doc', 'exec', 'images', 'inventory', 'lint', 'replay', 'run', 'settings', 'welcome')
2024-09-17T16:22:40.917774+00:00 INFO 'ansible_navigator.main' Configuration failed, using default log file location. (/home/student/control-review/ansible-navigator.log) Log level set to debug
2024-09-17T16:22:40.917797+00:00 INFO 'ansible_navigator.main' Review the hints and log file to see what went wrong.
2024-09-17T16:25:08.507796+00:00 INFO 'ansible_navigator.setup_logger' New ansible-navigator instance, logging initialized
2024-09-17T16:25:08.508198+00:00 INFO 'ansible_navigator.setup_logger' New ansible-runner instance, logging initialized
2024-09-17T16:25:08.508255+00:00 DEBUG 'ansible_navigator.main' ansible-builder==1.1.0 /usr/lib/python3.9/site-packages
2024-09-17T16:25:08.508296+00:00 DEBUG 'ansible_navigator.main' ansible-core==2.13.0 /usr/lib/python3.9/site-packages
2024-09-17T16:25:08.508319+00:00 DEBUG 'ansible_navigator.main' ansible-navigator==2.1.0 /usr/lib/python3.9/site-packages
2024-09-17T16:25:08.508340+00:00 DEBUG 'ansible_navigator.main' ansible-runner==2.2.0 /usr/lib/python3.9/site-packages
2024-09-17T16:25:08.508373+00:00 DEBUG 'ansible_navigator.main' attrs==21.4.0 /usr/lib/python3.9/site-packages
2024-09-17T16:25:08.508395+00:00 DEBUG 'ansible_navigator.main' babel==2.9.1 /usr/lib/python3.9/site-packages
2024-09-17T16:25:08.508415+00:00 DEBUG 'ansible_navigator.main' bindep==2.10.2 /usr/lib/python3.9/site-packages
2024-09-17T16:25:08.508436+00:00 DEBUG 'ansible_navigator.main' brlapi==0.8.2 /usr/lib64/python3.9/site-packages
2024-09-17T16:25:08.508456+00:00 DEBUG 'ansible_navigator.main' certifi==2020.6.20 /usr/lib/python3.9/site-packages
2024-09-17T16:25:08.508475+00:00 DEBUG 'ansible_navigator.main' cffi==1.15.0 /usr/lib64/python3.9/site-packages
2024-09-17T16:25:08.508494+00:00 DEBUG 'ansible_navigator.main' chardet==4.0.0 /usr/lib/python3.9/site-packages
2024-09-17T16:25:08.508513+00:00 DEBUG 'ansible_navigator.main' charset-normalizer==2.0.11 /usr/lib/python3.9/site-packages
2024-09-17T16:25:08.508533+00:00 DEBUG 'ansible_navigator.main' chrome-gnome-shell==0.0.0 /usr/lib/python3.9/site-packages
2024-09-17T16:25:08.508552+00:00 DEBUG 'ansible_navigator.main' cloud-init==21.1 /usr/lib/python3.9/site-packages
2024-09-17T16:25:08.508571+00:00 DEBUG 'ansible_navigator.main' configobj==5.0.6 /usr/lib/python3.9/site-packages
2024-09-17T16:25:08.508590+00:00 DEBUG 'ansible_navigator.main' cryptography==36.0.1 /usr/lib64/python3.9/site-packages
2024-09-17T16:25:08.508610+00:00 DEBUG 'ansible_navigator.main' cupshelpers==1.0 /usr/lib/python3.9/site-packages
2024-09-17T16:25:08.508629+00:00 DEBUG 'ansible_navigator.main' dasbus==1.4 /usr/lib/python3.9/site-packages
2024-09-17T16:25:08.508648+00:00 DEBUG 'ansible_navigator.main' dbus-python==1.2.18 /usr/lib64/python3.9/site-packages
2024-09-17T16:25:08.508668+00:00 DEBUG 'ansible_navigator.main' decorator==4.4.2 /usr/lib/python3.9/site-packages
2024-09-17T16:25:08.508687+00:00 DEBUG 'ansible_navigator.main' distlib==0.3.4 /usr/local/lib/python3.9/site-packages
2024-09-17T16:25:08.508706+00:00 DEBUG 'ansible_navigator.main' distro==1.6.0 /usr/lib/python3.9/site-packages
2024-09-17T16:25:08.508726+00:00 DEBUG 'ansible_navigator.main' docutils==0.16 /usr/lib/python3.9/site-packages
2024-09-17T16:25:08.508745+00:00 DEBUG 'ansible_navigator.main' ethtool==0.15 /usr/lib64/python3.9/site-packages
2024-09-17T16:25:08.508765+00:00 DEBUG 'ansible_navigator.main' file-magic==0.4.0 /usr/lib/python3.9/site-packages
2024-09-17T16:25:08.508784+00:00 DEBUG 'ansible_navigator.main' filelock==3.7.0 /usr/local/lib/python3.9/site-packages
2024-09-17T16:25:08.508802+00:00 DEBUG 'ansible_navigator.main' gpg==1.15.1 /usr/lib64/python3.9/site-packages
2024-09-17T16:25:08.508821+00:00 DEBUG 'ansible_navigator.main' idna==3.3 /usr/lib/python3.9/site-packages
2024-09-17T16:25:08.508841+00:00 DEBUG 'ansible_navigator.main' iniparse==0.4 /usr/lib/python3.9/site-packages
2024-09-17T16:25:08.508860+00:00 DEBUG 'ansible_navigator.main' jinja2==3.0.3 /usr/lib/python3.9/site-packages
2024-09-17T16:25:08.508879+00:00 DEBUG 'ansible_navigator.main' jsonpatch==1.21 /usr/lib/python3.9/site-packages
2024-09-17T16:25:08.508898+00:00 DEBUG 'ansible_navigator.main' jsonpointer==2.0 /usr/lib/python3.9/site-packages
2024-09-17T16:25:08.508917+00:00 DEBUG 'ansible_navigator.main' jsonschema==3.2.0 /usr/lib/python3.9/site-packages
2024-09-17T16:25:08.508936+00:00 DEBUG 'ansible_navigator.main' libcomps==0.1.18 /usr/lib64/python3.9/site-packages
2024-09-17T16:25:08.508955+00:00 DEBUG 'ansible_navigator.main' lockfile==0.12.2 /usr/lib/python3.9/site-packages
2024-09-17T16:25:08.508998+00:00 DEBUG 'ansible_navigator.main' lxml==4.6.5 /usr/lib64/python3.9/site-packages
2024-09-17T16:25:08.509020+00:00 DEBUG 'ansible_navigator.main' markupsafe==2.1.0 /usr/lib64/python3.9/site-packages
2024-09-17T16:25:08.509039+00:00 DEBUG 'ansible_navigator.main' netifaces==0.10.6 /usr/lib64/python3.9/site-packages
2024-09-17T16:25:08.509058+00:00 DEBUG 'ansible_navigator.main' nftables==0.1 /usr/lib/python3.9/site-packages
2024-09-17T16:25:08.509078+00:00 DEBUG 'ansible_navigator.main' oauthlib==3.1.1 /usr/lib/python3.9/site-packages
2024-09-17T16:25:08.509105+00:00 DEBUG 'ansible_navigator.main' onigurumacffi==1.1.0 /usr/lib64/python3.9/site-packages
2024-09-17T16:25:08.509125+00:00 DEBUG 'ansible_navigator.main' packaging==21.2 /usr/lib/python3.9/site-packages
2024-09-17T16:25:08.509145+00:00 DEBUG 'ansible_navigator.main' parsley==1.3 /usr/lib/python3.9/site-packages
2024-09-17T16:25:08.509164+00:00 DEBUG 'ansible_navigator.main' pbr==5.8.1 /usr/lib/python3.9/site-packages
2024-09-17T16:25:08.509183+00:00 DEBUG 'ansible_navigator.main' perf==0.1 /usr/lib64/python3.9/site-packages
2024-09-17T16:25:08.509202+00:00 DEBUG 'ansible_navigator.main' pexpect==4.8.0 /usr/lib/python3.9/site-packages
2024-09-17T16:25:08.509221+00:00 DEBUG 'ansible_navigator.main' pip==21.2.3 /usr/lib/python3.9/site-packages
2024-09-17T16:25:08.509240+00:00 DEBUG 'ansible_navigator.main' platformdirs==2.5.2 /usr/local/lib/python3.9/site-packages
2024-09-17T16:25:08.509259+00:00 DEBUG 'ansible_navigator.main' ply==3.11 /usr/lib/python3.9/site-packages
2024-09-17T16:25:08.509290+00:00 DEBUG 'ansible_navigator.main' prettytable==0.7.2 /usr/lib/python3.9/site-packages
2024-09-17T16:25:08.509309+00:00 DEBUG 'ansible_navigator.main' psutil==5.8.0 /usr/lib64/python3.9/site-packages
2024-09-17T16:25:08.509328+00:00 DEBUG 'ansible_navigator.main' ptyprocess==0.6.0 /usr/lib/python3.9/site-packages
2024-09-17T16:25:08.509348+00:00 DEBUG 'ansible_navigator.main' pycairo==1.20.0 /usr/lib64/python3.9/site-packages
2024-09-17T16:25:08.509367+00:00 DEBUG 'ansible_navigator.main' pycparser==2.21 /usr/lib/python3.9/site-packages
2024-09-17T16:25:08.509386+00:00 DEBUG 'ansible_navigator.main' pycups==2.0.1 /usr/lib64/python3.9/site-packages
2024-09-17T16:25:08.509405+00:00 DEBUG 'ansible_navigator.main' pycurl==7.43.0.6 /usr/lib64/python3.9/site-packages
2024-09-17T16:25:08.509425+00:00 DEBUG 'ansible_navigator.main' pyenchant==3.2.0 /usr/lib/python3.9/site-packages
2024-09-17T16:25:08.509444+00:00 DEBUG 'ansible_navigator.main' pygobject==3.40.1 /usr/lib64/python3.9/site-packages
2024-09-17T16:25:08.509463+00:00 DEBUG 'ansible_navigator.main' pyinotify==0.9.6 /usr/lib/python3.9/site-packages
2024-09-17T16:25:08.509482+00:00 DEBUG 'ansible_navigator.main' pyopenssl==19.1.0 /usr/lib/python3.9/site-packages
2024-09-17T16:25:08.509501+00:00 DEBUG 'ansible_navigator.main' pyparsing==2.4.7 /usr/lib/python3.9/site-packages
2024-09-17T16:25:08.509521+00:00 DEBUG 'ansible_navigator.main' pyrsistent==0.17.3 /usr/lib64/python3.9/site-packages
2024-09-17T16:25:08.509540+00:00 DEBUG 'ansible_navigator.main' pyserial==3.4 /usr/lib/python3.9/site-packages
2024-09-17T16:25:08.509560+00:00 DEBUG 'ansible_navigator.main' pysocks==1.7.1 /usr/lib/python3.9/site-packages
2024-09-17T16:25:08.509579+00:00 DEBUG 'ansible_navigator.main' python-daemon==2.3.0 /usr/lib/python3.9/site-packages
2024-09-17T16:25:08.509598+00:00 DEBUG 'ansible_navigator.main' python-dateutil==2.8.1 /usr/lib/python3.9/site-packages
2024-09-17T16:25:08.509618+00:00 DEBUG 'ansible_navigator.main' python-dmidecode==3.12.2 /usr/lib64/python3.9/site-packages
2024-09-17T16:25:08.509637+00:00 DEBUG 'ansible_navigator.main' python-linux-procfs==0.7.0 /usr/lib/python3.9/site-packages
2024-09-17T16:25:08.509657+00:00 DEBUG 'ansible_navigator.main' pytz==2021.3 /usr/lib/python3.9/site-packages
2024-09-17T16:25:08.509676+00:00 DEBUG 'ansible_navigator.main' pyudev==0.22.0 /usr/lib/python3.9/site-packages
2024-09-17T16:25:08.509696+00:00 DEBUG 'ansible_navigator.main' pyxdg==0.27 /usr/lib/python3.9/site-packages
2024-09-17T16:25:08.509715+00:00 DEBUG 'ansible_navigator.main' pyyaml==5.4.1 /usr/lib64/python3.9/site-packages
2024-09-17T16:25:08.509734+00:00 DEBUG 'ansible_navigator.main' requests==2.27.1 /usr/lib/python3.9/site-packages
2024-09-17T16:25:08.509753+00:00 DEBUG 'ansible_navigator.main' requirements-parser==0.2.0 /usr/lib/python3.9/site-packages
2024-09-17T16:25:08.509772+00:00 DEBUG 'ansible_navigator.main' resolvelib==0.5.4 /usr/lib/python3.9/site-packages
2024-09-17T16:25:08.509791+00:00 DEBUG 'ansible_navigator.main' rpm==4.16.1.3 /usr/lib64/python3.9/site-packages
2024-09-17T16:25:08.509824+00:00 DEBUG 'ansible_navigator.main' selinux==3.3 /usr/lib64/python3.9/site-packages
2024-09-17T16:25:08.509845+00:00 DEBUG 'ansible_navigator.main' sepolicy==3.3 /usr/lib/python3.9/site-packages
2024-09-17T16:25:08.509864+00:00 DEBUG 'ansible_navigator.main' setools==4.4.0 /usr/lib64/python3.9/site-packages
2024-09-17T16:25:08.509883+00:00 DEBUG 'ansible_navigator.main' setroubleshoot==1.1 /usr/lib/python3.9/site-packages
2024-09-17T16:25:08.509902+00:00 DEBUG 'ansible_navigator.main' setuptools==53.0.0 /usr/lib/python3.9/site-packages
2024-09-17T16:25:08.509922+00:00 DEBUG 'ansible_navigator.main' six==1.16.0 /usr/lib/python3.9/site-packages
2024-09-17T16:25:08.509941+00:00 DEBUG 'ansible_navigator.main' sos==4.2 /usr/lib/python3.9/site-packages
2024-09-17T16:25:08.509961+00:00 DEBUG 'ansible_navigator.main' subscription-manager==1.29.26 /usr/lib64/python3.9/site-packages
2024-09-17T16:25:08.509995+00:00 DEBUG 'ansible_navigator.main' systemd-python==234 /usr/lib64/python3.9/site-packages
2024-09-17T16:25:08.510015+00:00 DEBUG 'ansible_navigator.main' urllib3==1.26.8 /usr/lib/python3.9/site-packages
2024-09-17T16:25:08.510035+00:00 DEBUG 'ansible_navigator.main' virtualenv==20.14.1 /usr/local/lib/python3.9/site-packages
2024-09-17T16:25:08.510054+00:00 DEBUG 'ansible_navigator.main' Share directory '/usr/lib/python3.9/share/ansible_navigator' not found (development path)
2024-09-17T16:25:08.510074+00:00 DEBUG 'ansible_navigator.main' Share directory '/home/student/.local/share/ansible_navigator' not found (userbase)
2024-09-17T16:25:08.510093+00:00 DEBUG 'ansible_navigator.main' Share directory '/usr/share/ansible_navigator' found (sys.prefix)
2024-09-17T16:25:08.510113+00:00 DEBUG 'ansible_navigator.main' Default collection_doc_cache_path set to: /home/student/.cache/ansible-navigator/collection_doc_cache.db
2024-09-17T16:25:08.510133+00:00 DEBUG 'ansible_navigator.main' EDITOR environment variable not set
2024-09-17T16:25:08.510153+00:00 DEBUG 'ansible_navigator.main' Default editor_command set to: vi +{line_number} {filename}
2024-09-17T16:25:08.510172+00:00 DEBUG 'ansible_navigator.main' No config file set by ANSIBLE_NAVIGATOR_CONFIG
2024-09-17T16:25:08.510192+00:00 DEBUG 'ansible_navigator.main' Looking in /home/student
2024-09-17T16:25:08.510211+00:00 DEBUG 'ansible_navigator.main' Looking for '/home/student/.ansible-navigator.yml', '/home/student/.ansible-navigator.yaml' and '/home/student/.ansible-navigator.json'
2024-09-17T16:25:08.510232+00:00 DEBUG 'ansible_navigator.main' Found 1: '/home/student/.ansible-navigator.yml'
2024-09-17T16:25:08.510251+00:00 DEBUG 'ansible_navigator.main' Looking in /home/student/control-review
2024-09-17T16:25:08.510271+00:00 DEBUG 'ansible_navigator.main' Looking for '/home/student/control-review/ansible-navigator.yml', '/home/student/control-review/ansible-navigator.yaml' and '/home/student/control-review/ansible-navigator.json'
2024-09-17T16:25:08.510301+00:00 DEBUG 'ansible_navigator.main' Found 0: 
2024-09-17T16:25:08.510320+00:00 DEBUG 'ansible_navigator.main' All found 1: '/home/student/.ansible-navigator.yml'
2024-09-17T16:25:08.510339+00:00 DEBUG 'ansible_navigator.main' Using: /home/student/.ansible-navigator.yml
2024-09-17T16:25:08.510359+00:00 DEBUG 'ansible_navigator.main' Using settings file at /home/student/.ansible-navigator.yml in search path
2024-09-17T16:25:08.510379+00:00 DEBUG 'ansible_navigator.main' Command provided: 'all -m setup'
2024-09-17T16:25:08.510398+00:00 DEBUG 'ansible_navigator.main' ansible-navigator.ansible-runner.artifact-dir not found in settings file
2024-09-17T16:25:08.510417+00:00 DEBUG 'ansible_navigator.main' ansible-navigator.ansible-runner.rotate-artifacts-count not found in settings file
2024-09-17T16:25:08.510437+00:00 DEBUG 'ansible_navigator.main' ansible-navigator.ansible-runner.timeout not found in settings file
2024-09-17T16:25:08.510456+00:00 DEBUG 'ansible_navigator.main' ansible-navigator.app not found in settings file
2024-09-17T16:25:08.510475+00:00 DEBUG 'ansible_navigator.main' ansible-navigator.ansible.cmdline not found in settings file
2024-09-17T16:25:08.510503+00:00 DEBUG 'ansible_navigator.main' ansible-navigator.collection-doc-cache-path not found in settings file
2024-09-17T16:25:08.510523+00:00 DEBUG 'ansible_navigator.main' ansible-navigator.ansible.config.path not found in settings file
2024-09-17T16:25:08.510543+00:00 DEBUG 'ansible_navigator.main' ansible-navigator.execution-environment.container-engine not found in settings file
2024-09-17T16:25:08.510562+00:00 DEBUG 'ansible_navigator.main' ansible-navigator.execution-environment.container-options not found in settings file
2024-09-17T16:25:08.510581+00:00 DEBUG 'ansible_navigator.main' ansible-navigator.color.enable not found in settings file
2024-09-17T16:25:08.510601+00:00 DEBUG 'ansible_navigator.main' ansible-navigator.editor.command not found in settings file
2024-09-17T16:25:08.510620+00:00 DEBUG 'ansible_navigator.main' ansible-navigator.editor.console not found in settings file
2024-09-17T16:25:08.510639+00:00 DEBUG 'ansible_navigator.main' ansible-navigator.exec.command not found in settings file
2024-09-17T16:25:08.510659+00:00 DEBUG 'ansible_navigator.main' ansible-navigator.exec.shell not found in settings file
2024-09-17T16:25:08.510678+00:00 DEBUG 'ansible_navigator.main' ansible-navigator.execution-environment.enabled not found in settings file
2024-09-17T16:25:08.510699+00:00 DEBUG 'ansible_navigator.main' ansible-navigator.execution-environment.volume-mounts not found in settings file
2024-09-17T16:25:08.510718+00:00 DEBUG 'ansible_navigator.main' ansible-navigator.ansible-builder.help not found in settings file
2024-09-17T16:25:08.510737+00:00 DEBUG 'ansible_navigator.main' ansible-navigator.ansible.config.help not found in settings file
2024-09-17T16:25:08.510756+00:00 DEBUG 'ansible_navigator.main' ansible-navigator.ansible.doc.help not found in settings file
2024-09-17T16:25:08.510775+00:00 DEBUG 'ansible_navigator.main' ansible-navigator.ansible.inventory.help not found in settings file
2024-09-17T16:25:08.510794+00:00 DEBUG 'ansible_navigator.main' ansible-navigator.ansible.playbook.help not found in settings file
2024-09-17T16:25:08.510813+00:00 DEBUG 'ansible_navigator.main' ansible-navigator.images.details not found in settings file
2024-09-17T16:25:08.510832+00:00 DEBUG 'ansible_navigator.main' ansible-navigator.ansible.inventory.entries not found in settings file
2024-09-17T16:25:08.510851+00:00 DEBUG 'ansible_navigator.main' ansible-navigator.inventory-columns not found in settings file
2024-09-17T16:25:08.510870+00:00 DEBUG 'ansible_navigator.main' ansible-navigator.ansible-lint.config not found in settings file
2024-09-17T16:25:08.510890+00:00 DEBUG 'ansible_navigator.main' ansible-navigator.ansible-lint.lintables not found in settings file
2024-09-17T16:25:08.510909+00:00 DEBUG 'ansible_navigator.main' ansible-navigator.logging.append not found in settings file
2024-09-17T16:25:08.510928+00:00 DEBUG 'ansible_navigator.main' ansible-navigator.logging.file not found in settings file
2024-09-17T16:25:08.510947+00:00 DEBUG 'ansible_navigator.main' ansible-navigator.logging.level not found in settings file
2024-09-17T16:25:08.510974+00:00 DEBUG 'ansible_navigator.main' ansible-navigator.mode not found in settings file
2024-09-17T16:25:08.510995+00:00 DEBUG 'ansible_navigator.main' ansible-navigator.color.osc4 not found in settings file
2024-09-17T16:25:08.511015+00:00 DEBUG 'ansible_navigator.main' ansible-navigator.execution-environment.environment-variables.pass not found in settings file
2024-09-17T16:25:08.511034+00:00 DEBUG 'ansible_navigator.main' ansible-navigator.ansible.playbook.path not found in settings file
2024-09-17T16:25:08.511054+00:00 DEBUG 'ansible_navigator.main' ansible-navigator.playbook-artifact.enable not found in settings file
2024-09-17T16:25:08.511072+00:00 DEBUG 'ansible_navigator.main' ansible-navigator.playbook-artifact.replay not found in settings file
2024-09-17T16:25:08.511092+00:00 DEBUG 'ansible_navigator.main' ansible-navigator.playbook-artifact.save-as not found in settings file
2024-09-17T16:25:08.511114+00:00 DEBUG 'ansible_navigator.main' ansible-navigator.ansible.doc.plugin.name not found in settings file
2024-09-17T16:25:08.511134+00:00 DEBUG 'ansible_navigator.main' ansible-navigator.ansible.doc.plugin.type not found in settings file
2024-09-17T16:25:08.511153+00:00 DEBUG 'ansible_navigator.main' ansible-navigator.execution-environment.pull.arguments not found in settings file
2024-09-17T16:25:08.511173+00:00 DEBUG 'ansible_navigator.main' ansible-navigator.execution-environment.environment-variables.set not found in settings file
2024-09-17T16:25:08.511192+00:00 DEBUG 'ansible_navigator.main' ansible-navigator.settings.effective not found in settings file
2024-09-17T16:25:08.511211+00:00 DEBUG 'ansible_navigator.main' ansible-navigator.settings.sample not found in settings file
2024-09-17T16:25:08.511231+00:00 DEBUG 'ansible_navigator.main' ansible-navigator.settings.schema not found in settings file
2024-09-17T16:25:08.511250+00:00 DEBUG 'ansible_navigator.main' ansible-navigator.settings.sources not found in settings file
2024-09-17T16:25:08.511270+00:00 DEBUG 'ansible_navigator.main' ansible-navigator.time-zone not found in settings file
2024-09-17T16:25:08.511298+00:00 DEBUG 'ansible_navigator.main' ansible-navigator.ansible-builder.workdir not found in settings file
2024-09-17T16:25:08.511324+00:00 WARNING 'ansible_navigator.main' Configuration errors encountered, rolling back to previous configuration.
2024-09-17T16:25:08.511345+00:00 DEBUG 'ansible_navigator.main' Prior to rollback: ansible_runner_artifact_dir = 'Not set' (Constants/Not set)
2024-09-17T16:25:08.511365+00:00 DEBUG 'ansible_navigator.main' Prior to rollback: ansible_runner_rotate_artifacts_count = 'Not set' (Constants/Not set)
2024-09-17T16:25:08.511384+00:00 DEBUG 'ansible_navigator.main' Prior to rollback: ansible_runner_timeout = 'Not set' (Constants/Not set)
2024-09-17T16:25:08.511403+00:00 DEBUG 'ansible_navigator.main' Prior to rollback: app = 'welcome' (str/Defaults)
2024-09-17T16:25:08.511422+00:00 DEBUG 'ansible_navigator.main' Prior to rollback: cmdline = '['all', '-m', 'setup']' (list/Command line)
2024-09-17T16:25:08.511441+00:00 DEBUG 'ansible_navigator.main' Prior to rollback: collection_doc_cache_path = '/home/student/.cache/ansible-navigator/collection_doc_cache.db' (str/Defaults)
2024-09-17T16:25:08.511466+00:00 DEBUG 'ansible_navigator.main' Prior to rollback: config = 'Not set' (Constants/Not set)
2024-09-17T16:25:08.511486+00:00 DEBUG 'ansible_navigator.main' Prior to rollback: container_engine = 'auto' (str/Defaults)
2024-09-17T16:25:08.511505+00:00 DEBUG 'ansible_navigator.main' Prior to rollback: container_options = 'Not set' (Constants/Not set)
2024-09-17T16:25:08.511524+00:00 DEBUG 'ansible_navigator.main' Prior to rollback: display_color = 'True' (bool/Defaults)
2024-09-17T16:25:08.511543+00:00 DEBUG 'ansible_navigator.main' Prior to rollback: editor_command = 'vi +{line_number} {filename}' (str/Defaults)
2024-09-17T16:25:08.511562+00:00 DEBUG 'ansible_navigator.main' Prior to rollback: editor_console = 'True' (bool/Defaults)
2024-09-17T16:25:08.511581+00:00 DEBUG 'ansible_navigator.main' Prior to rollback: exec_command = '/bin/bash' (str/Defaults)
2024-09-17T16:25:08.511600+00:00 DEBUG 'ansible_navigator.main' Prior to rollback: exec_shell = 'True' (bool/Defaults)
2024-09-17T16:25:08.511619+00:00 DEBUG 'ansible_navigator.main' Prior to rollback: execution_environment = 'True' (bool/Defaults)
2024-09-17T16:25:08.511639+00:00 DEBUG 'ansible_navigator.main' Prior to rollback: execution_environment_image = 'utility.lab.example.com/ee-supported-rhel8:latest' (str/Settings file)
2024-09-17T16:25:08.511658+00:00 DEBUG 'ansible_navigator.main' Prior to rollback: execution_environment_volume_mounts = 'Not set' (Constants/Not set)
2024-09-17T16:25:08.511677+00:00 DEBUG 'ansible_navigator.main' Prior to rollback: help_builder = 'False' (bool/Defaults)
2024-09-17T16:25:08.511696+00:00 DEBUG 'ansible_navigator.main' Prior to rollback: help_config = 'False' (bool/Defaults)
2024-09-17T16:25:08.511718+00:00 DEBUG 'ansible_navigator.main' Prior to rollback: help_doc = 'False' (bool/Defaults)
2024-09-17T16:25:08.511738+00:00 DEBUG 'ansible_navigator.main' Prior to rollback: help_inventory = 'False' (bool/Defaults)
2024-09-17T16:25:08.511757+00:00 DEBUG 'ansible_navigator.main' Prior to rollback: help_playbook = 'False' (bool/Defaults)
2024-09-17T16:25:08.511776+00:00 DEBUG 'ansible_navigator.main' Prior to rollback: images_details = '['everything']' (list/Defaults)
2024-09-17T16:25:08.511794+00:00 DEBUG 'ansible_navigator.main' Prior to rollback: inventory = 'Not set' (Constants/Not set)
2024-09-17T16:25:08.511814+00:00 DEBUG 'ansible_navigator.main' Prior to rollback: inventory_column = 'Not set' (Constants/Not set)
2024-09-17T16:25:08.511833+00:00 DEBUG 'ansible_navigator.main' Prior to rollback: lint_config = 'Not set' (Constants/Not set)
2024-09-17T16:25:08.511852+00:00 DEBUG 'ansible_navigator.main' Prior to rollback: lintables = 'Not set' (Constants/Not set)
2024-09-17T16:25:08.511871+00:00 DEBUG 'ansible_navigator.main' Prior to rollback: log_append = 'True' (bool/Defaults)
2024-09-17T16:25:08.511890+00:00 DEBUG 'ansible_navigator.main' Prior to rollback: log_file = '/home/student/control-review/ansible-navigator.log' (str/Defaults)
2024-09-17T16:25:08.511910+00:00 DEBUG 'ansible_navigator.main' Prior to rollback: log_level = 'warning' (str/Defaults)
2024-09-17T16:25:08.511929+00:00 DEBUG 'ansible_navigator.main' Prior to rollback: mode = 'interactive' (str/Defaults)
2024-09-17T16:25:08.511949+00:00 DEBUG 'ansible_navigator.main' Prior to rollback: osc4 = 'True' (bool/Defaults)
2024-09-17T16:25:08.511977+00:00 DEBUG 'ansible_navigator.main' Prior to rollback: pass_environment_variable = 'Not set' (Constants/Not set)
2024-09-17T16:25:08.511998+00:00 DEBUG 'ansible_navigator.main' Prior to rollback: playbook = 'Not set' (Constants/Not set)
2024-09-17T16:25:08.512017+00:00 DEBUG 'ansible_navigator.main' Prior to rollback: playbook_artifact_enable = 'True' (bool/Defaults)
2024-09-17T16:25:08.512036+00:00 DEBUG 'ansible_navigator.main' Prior to rollback: playbook_artifact_replay = 'Not set' (Constants/Not set)
2024-09-17T16:25:08.512055+00:00 DEBUG 'ansible_navigator.main' Prior to rollback: playbook_artifact_save_as = '{playbook_dir}/{playbook_name}-artifact-{time_stamp}.json' (str/Defaults)
2024-09-17T16:25:08.512074+00:00 DEBUG 'ansible_navigator.main' Prior to rollback: plugin_name = 'Not set' (Constants/Not set)
2024-09-17T16:25:08.512094+00:00 DEBUG 'ansible_navigator.main' Prior to rollback: plugin_type = 'module' (str/Defaults)
2024-09-17T16:25:08.512113+00:00 DEBUG 'ansible_navigator.main' Prior to rollback: pull_arguments = 'Not set' (Constants/Not set)
2024-09-17T16:25:08.512132+00:00 DEBUG 'ansible_navigator.main' Prior to rollback: pull_policy = 'missing' (str/Settings file)
2024-09-17T16:25:08.512151+00:00 DEBUG 'ansible_navigator.main' Prior to rollback: set_environment_variable = 'Not set' (Constants/Not set)
2024-09-17T16:25:08.512170+00:00 DEBUG 'ansible_navigator.main' Prior to rollback: settings_effective = 'False' (bool/Defaults)
2024-09-17T16:25:08.512189+00:00 DEBUG 'ansible_navigator.main' Prior to rollback: settings_sample = 'False' (bool/Defaults)
2024-09-17T16:25:08.512208+00:00 DEBUG 'ansible_navigator.main' Prior to rollback: settings_schema = 'json' (str/Defaults)
2024-09-17T16:25:08.512227+00:00 DEBUG 'ansible_navigator.main' Prior to rollback: settings_sources = 'False' (bool/Defaults)
2024-09-17T16:25:08.512246+00:00 DEBUG 'ansible_navigator.main' Prior to rollback: time_zone = 'UTC' (str/Defaults)
2024-09-17T16:25:08.512265+00:00 DEBUG 'ansible_navigator.main' Prior to rollback: workdir = '/home/student/control-review' (str/Defaults)
2024-09-17T16:25:08.512291+00:00 DEBUG 'ansible_navigator.main' After rollback: ansible_runner_artifact_dir = 'Not set' (Constants/Not set)
2024-09-17T16:25:08.512311+00:00 DEBUG 'ansible_navigator.main' After rollback: ansible_runner_rotate_artifacts_count = 'Not set' (Constants/Not set)
2024-09-17T16:25:08.512330+00:00 DEBUG 'ansible_navigator.main' After rollback: ansible_runner_timeout = 'Not set' (Constants/Not set)
2024-09-17T16:25:08.512361+00:00 DEBUG 'ansible_navigator.main' After rollback: app = 'Not set' (Constants/Not set)
2024-09-17T16:25:08.512381+00:00 DEBUG 'ansible_navigator.main' After rollback: cmdline = 'Not set' (Constants/Not set)
2024-09-17T16:25:08.512400+00:00 DEBUG 'ansible_navigator.main' After rollback: collection_doc_cache_path = 'Not set' (Constants/Not set)
2024-09-17T16:25:08.512420+00:00 DEBUG 'ansible_navigator.main' After rollback: config = 'Not set' (Constants/Not set)
2024-09-17T16:25:08.512439+00:00 DEBUG 'ansible_navigator.main' After rollback: container_engine = 'Not set' (Constants/Not set)
2024-09-17T16:25:08.512458+00:00 DEBUG 'ansible_navigator.main' After rollback: container_options = 'Not set' (Constants/Not set)
2024-09-17T16:25:08.512477+00:00 DEBUG 'ansible_navigator.main' After rollback: display_color = 'Not set' (Constants/Not set)
2024-09-17T16:25:08.512497+00:00 DEBUG 'ansible_navigator.main' After rollback: editor_command = 'Not set' (Constants/Not set)
2024-09-17T16:25:08.512516+00:00 DEBUG 'ansible_navigator.main' After rollback: editor_console = 'Not set' (Constants/Not set)
2024-09-17T16:25:08.512535+00:00 DEBUG 'ansible_navigator.main' After rollback: exec_command = 'Not set' (Constants/Not set)
2024-09-17T16:25:08.512554+00:00 DEBUG 'ansible_navigator.main' After rollback: exec_shell = 'Not set' (Constants/Not set)
2024-09-17T16:25:08.512574+00:00 DEBUG 'ansible_navigator.main' After rollback: execution_environment = 'Not set' (Constants/Not set)
2024-09-17T16:25:08.512592+00:00 DEBUG 'ansible_navigator.main' After rollback: execution_environment_image = 'Not set' (Constants/Not set)
2024-09-17T16:25:08.512612+00:00 DEBUG 'ansible_navigator.main' After rollback: execution_environment_volume_mounts = 'Not set' (Constants/Not set)
2024-09-17T16:25:08.512631+00:00 DEBUG 'ansible_navigator.main' After rollback: help_builder = 'Not set' (Constants/Not set)
2024-09-17T16:25:08.512651+00:00 DEBUG 'ansible_navigator.main' After rollback: help_config = 'Not set' (Constants/Not set)
2024-09-17T16:25:08.512670+00:00 DEBUG 'ansible_navigator.main' After rollback: help_doc = 'Not set' (Constants/Not set)
2024-09-17T16:25:08.512689+00:00 DEBUG 'ansible_navigator.main' After rollback: help_inventory = 'Not set' (Constants/Not set)
2024-09-17T16:25:08.512708+00:00 DEBUG 'ansible_navigator.main' After rollback: help_playbook = 'Not set' (Constants/Not set)
2024-09-17T16:25:08.512727+00:00 DEBUG 'ansible_navigator.main' After rollback: images_details = 'Not set' (Constants/Not set)
2024-09-17T16:25:08.512746+00:00 DEBUG 'ansible_navigator.main' After rollback: inventory = 'Not set' (Constants/Not set)
2024-09-17T16:25:08.512765+00:00 DEBUG 'ansible_navigator.main' After rollback: inventory_column = 'Not set' (Constants/Not set)
2024-09-17T16:25:08.512784+00:00 DEBUG 'ansible_navigator.main' After rollback: lint_config = 'Not set' (Constants/Not set)
2024-09-17T16:25:08.512803+00:00 DEBUG 'ansible_navigator.main' After rollback: lintables = 'Not set' (Constants/Not set)
2024-09-17T16:25:08.512822+00:00 DEBUG 'ansible_navigator.main' After rollback: log_append = 'Not set' (Constants/Not set)
2024-09-17T16:25:08.512841+00:00 DEBUG 'ansible_navigator.main' After rollback: log_file = 'Not set' (Constants/Not set)
2024-09-17T16:25:08.512860+00:00 DEBUG 'ansible_navigator.main' After rollback: log_level = 'Not set' (Constants/Not set)
2024-09-17T16:25:08.512879+00:00 DEBUG 'ansible_navigator.main' After rollback: mode = 'Not set' (Constants/Not set)
2024-09-17T16:25:08.512898+00:00 DEBUG 'ansible_navigator.main' After rollback: osc4 = 'Not set' (Constants/Not set)
2024-09-17T16:25:08.512917+00:00 DEBUG 'ansible_navigator.main' After rollback: pass_environment_variable = 'Not set' (Constants/Not set)
2024-09-17T16:25:08.512936+00:00 DEBUG 'ansible_navigator.main' After rollback: playbook = 'Not set' (Constants/Not set)
2024-09-17T16:25:08.512955+00:00 DEBUG 'ansible_navigator.main' After rollback: playbook_artifact_enable = 'Not set' (Constants/Not set)
2024-09-17T16:25:08.512995+00:00 DEBUG 'ansible_navigator.main' After rollback: playbook_artifact_replay = 'Not set' (Constants/Not set)
2024-09-17T16:25:08.513016+00:00 DEBUG 'ansible_navigator.main' After rollback: playbook_artifact_save_as = 'Not set' (Constants/Not set)
2024-09-17T16:25:08.513035+00:00 DEBUG 'ansible_navigator.main' After rollback: plugin_name = 'Not set' (Constants/Not set)
2024-09-17T16:25:08.513054+00:00 DEBUG 'ansible_navigator.main' After rollback: plugin_type = 'Not set' (Constants/Not set)
2024-09-17T16:25:08.513073+00:00 DEBUG 'ansible_navigator.main' After rollback: pull_arguments = 'Not set' (Constants/Not set)
2024-09-17T16:25:08.513093+00:00 DEBUG 'ansible_navigator.main' After rollback: pull_policy = 'Not set' (Constants/Not set)
2024-09-17T16:25:08.513112+00:00 DEBUG 'ansible_navigator.main' After rollback: set_environment_variable = 'Not set' (Constants/Not set)
2024-09-17T16:25:08.513131+00:00 DEBUG 'ansible_navigator.main' After rollback: settings_effective = 'Not set' (Constants/Not set)
2024-09-17T16:25:08.513150+00:00 DEBUG 'ansible_navigator.main' After rollback: settings_sample = 'Not set' (Constants/Not set)
2024-09-17T16:25:08.513169+00:00 DEBUG 'ansible_navigator.main' After rollback: settings_schema = 'Not set' (Constants/Not set)
2024-09-17T16:25:08.513188+00:00 DEBUG 'ansible_navigator.main' After rollback: settings_sources = 'Not set' (Constants/Not set)
2024-09-17T16:25:08.513207+00:00 DEBUG 'ansible_navigator.main' After rollback: time_zone = 'Not set' (Constants/Not set)
2024-09-17T16:25:08.513226+00:00 DEBUG 'ansible_navigator.main' After rollback: workdir = 'Not set' (Constants/Not set)
2024-09-17T16:25:08.513244+00:00 DEBUG 'ansible_navigator.main' Configuration rollback complete.
2024-09-17T16:25:08.513264+00:00 DEBUG 'ansible_navigator.main' Collection doc cache not mounted
2024-09-17T16:25:08.513311+00:00 WARNING 'ansible_navigator.main' Issues were found while applying the settings.
2024-09-17T16:25:08.513335+00:00 INFO 'ansible_navigator.main' Command provided: 'all -m setup'
2024-09-17T16:25:08.513359+00:00 ERROR 'ansible_navigator.main' argument {subcommand} --help: invalid choice: 'all' (choose from 'builder', 'collections', 'config', 'doc', 'exec', 'images', 'inventory', 'lint', 'replay', 'run', 'settings', 'welcome')
2024-09-17T16:25:08.513382+00:00 INFO 'ansible_navigator.main' Configuration failed, using default log file location. (/home/student/control-review/ansible-navigator.log) Log level set to debug
2024-09-17T16:25:08.513404+00:00 INFO 'ansible_navigator.main' Review the hints and log file to see what went wrong.
2024-09-17T17:09:07.768730+00:00 CRITICAL 'ansible_navigator.actions.run_playbook._handle_message' Unhandled message from runner queue, discarded: {'event': 'verbose', 'uuid': '87ab8751-531f-4fa5-a1be-c6aa119a95d8', 'counter': 1, 'stdout': '\x1b[0;31mERROR! We were unable to read either as JSON nor YAML, these are the errors we got from each:\x1b[0m', 'start_line': 0, 'end_line': 1, 'runner_ident': '77f3325c-1481-45d2-b1a7-d8d542384097', 'created': '2024-09-17T17:09:07.761812'}
2024-09-17T17:09:07.769613+00:00 CRITICAL 'ansible_navigator.actions.run_playbook._handle_message' Unhandled message from runner queue, discarded: {'event': 'verbose', 'uuid': '7b8f9160-0aae-4754-98b2-aab321cca857', 'counter': 2, 'stdout': '\x1b[0;31mJSON: Expecting value: line 1 column 1 (char 0)\x1b[0m', 'start_line': 1, 'end_line': 2, 'runner_ident': '77f3325c-1481-45d2-b1a7-d8d542384097', 'created': '2024-09-17T17:09:07.762203'}
2024-09-17T17:09:07.769752+00:00 CRITICAL 'ansible_navigator.actions.run_playbook._handle_message' Unhandled message from runner queue, discarded: {'event': 'verbose', 'uuid': '6dc8fa57-51bb-444a-94e0-6c7c93a65631', 'counter': 3, 'stdout': '\x1b[0;31m\x1b[0m', 'start_line': 2, 'end_line': 3, 'runner_ident': '77f3325c-1481-45d2-b1a7-d8d542384097', 'created': '2024-09-17T17:09:07.762292'}
2024-09-17T17:09:07.769831+00:00 CRITICAL 'ansible_navigator.actions.run_playbook._handle_message' Unhandled message from runner queue, discarded: {'event': 'verbose', 'uuid': '4f2c5a49-0e14-47af-9cf5-a07507dd5e69', 'counter': 4, 'stdout': '\x1b[0;31mSyntax Error while loading YAML.\x1b[0m', 'start_line': 3, 'end_line': 4, 'runner_ident': '77f3325c-1481-45d2-b1a7-d8d542384097', 'created': '2024-09-17T17:09:07.762343'}
2024-09-17T17:09:07.769930+00:00 CRITICAL 'ansible_navigator.actions.run_playbook._handle_message' Unhandled message from runner queue, discarded: {'event': 'verbose', 'uuid': '1362f1c0-6e7c-4e4c-a341-5b8f87e579ec', 'counter': 5, 'stdout': "\x1b[0;31m  did not find expected '-' indicator\x1b[0m", 'start_line': 4, 'end_line': 5, 'runner_ident': '77f3325c-1481-45d2-b1a7-d8d542384097', 'created': '2024-09-17T17:09:07.762393'}
2024-09-17T17:09:07.770024+00:00 CRITICAL 'ansible_navigator.actions.run_playbook._handle_message' Unhandled message from runner queue, discarded: {'event': 'verbose', 'uuid': '4beafd66-ff72-4ef2-883c-a96a3b241d3b', 'counter': 6, 'stdout': '\x1b[0;31m\x1b[0m', 'start_line': 5, 'end_line': 6, 'runner_ident': '77f3325c-1481-45d2-b1a7-d8d542384097', 'created': '2024-09-17T17:09:07.762438'}
2024-09-17T17:09:07.770078+00:00 CRITICAL 'ansible_navigator.actions.run_playbook._handle_message' Unhandled message from runner queue, discarded: {'event': 'verbose', 'uuid': '6fa772f4-f5c3-4a96-9e2a-9c40299df052', 'counter': 7, 'stdout': "\x1b[0;31mThe error appears to be in '/home/student/control-review/playbook.yml': line 31, column 5, but may\x1b[0m", 'start_line': 6, 'end_line': 7, 'runner_ident': '77f3325c-1481-45d2-b1a7-d8d542384097', 'created': '2024-09-17T17:09:07.762493'}
2024-09-17T17:09:07.770134+00:00 CRITICAL 'ansible_navigator.actions.run_playbook._handle_message' Unhandled message from runner queue, discarded: {'event': 'verbose', 'uuid': '4cc76500-8c9e-4b66-a9ee-53ca4b1fe904', 'counter': 8, 'stdout': '\x1b[0;31mbe elsewhere in the file depending on the exact syntax problem.\x1b[0m', 'start_line': 7, 'end_line': 8, 'runner_ident': '77f3325c-1481-45d2-b1a7-d8d542384097', 'created': '2024-09-17T17:09:07.762549'}
2024-09-17T17:09:07.770195+00:00 CRITICAL 'ansible_navigator.actions.run_playbook._handle_message' Unhandled message from runner queue, discarded: {'event': 'verbose', 'uuid': '4ba96477-6ad2-436c-aa77-db79fbde09b5', 'counter': 9, 'stdout': '\x1b[0;31m\x1b[0m', 'start_line': 8, 'end_line': 9, 'runner_ident': '77f3325c-1481-45d2-b1a7-d8d542384097', 'created': '2024-09-17T17:09:07.762634'}
2024-09-17T17:09:07.770255+00:00 CRITICAL 'ansible_navigator.actions.run_playbook._handle_message' Unhandled message from runner queue, discarded: {'event': 'verbose', 'uuid': '903970de-7ca2-479f-8ffa-ebeae66569f4', 'counter': 10, 'stdout': '\x1b[0;31mThe offending line appears to be:\x1b[0m', 'start_line': 9, 'end_line': 10, 'runner_ident': '77f3325c-1481-45d2-b1a7-d8d542384097', 'created': '2024-09-17T17:09:07.762683'}
2024-09-17T17:09:07.770325+00:00 CRITICAL 'ansible_navigator.actions.run_playbook._handle_message' Unhandled message from runner queue, discarded: {'event': 'verbose', 'uuid': '5a3f8490-1afd-449f-bf05-9e3df5477511', 'counter': 11, 'stdout': '\x1b[0;31m\x1b[0m', 'start_line': 10, 'end_line': 11, 'runner_ident': '77f3325c-1481-45d2-b1a7-d8d542384097', 'created': '2024-09-17T17:09:07.762735'}
2024-09-17T17:09:07.770388+00:00 CRITICAL 'ansible_navigator.actions.run_playbook._handle_message' Unhandled message from runner queue, discarded: {'event': 'verbose', 'uuid': '51a009eb-6cac-453d-8d60-9c991fa863e6', 'counter': 12, 'stdout': '\x1b[0;31m\x1b[0m', 'start_line': 11, 'end_line': 12, 'runner_ident': '77f3325c-1481-45d2-b1a7-d8d542384097', 'created': '2024-09-17T17:09:07.762780'}
2024-09-17T17:09:07.770451+00:00 CRITICAL 'ansible_navigator.actions.run_playbook._handle_message' Unhandled message from runner queue, discarded: {'event': 'verbose', 'uuid': 'dabd2b31-f77e-465f-8b15-0b2adb2d9806', 'counter': 13, 'stdout': '\x1b[0;31m    block:\x1b[0m', 'start_line': 12, 'end_line': 13, 'runner_ident': '77f3325c-1481-45d2-b1a7-d8d542384097', 'created': '2024-09-17T17:09:07.762827'}
2024-09-17T17:09:07.770521+00:00 CRITICAL 'ansible_navigator.actions.run_playbook._handle_message' Unhandled message from runner queue, discarded: {'event': 'verbose', 'uuid': '1be8ea5f-bd41-4b18-8fa6-4309fe88c00f', 'counter': 14, 'stdout': '\x1b[0;31m    ^ here\x1b[0m', 'start_line': 13, 'end_line': 14, 'runner_ident': '77f3325c-1481-45d2-b1a7-d8d542384097', 'created': '2024-09-17T17:09:07.762870'}
2024-09-17T17:12:04.459292+00:00 CRITICAL 'ansible_navigator.actions.run_playbook._handle_message' Unhandled message from runner queue, discarded: {'event': 'verbose', 'uuid': '27fbf330-b85f-4aa1-b58a-4d2b8a2160ad', 'counter': 1, 'stdout': '', 'start_line': 0, 'end_line': 1, 'runner_ident': '12ba6a61-33bd-46b5-8ae0-ae52a0e24bf5', 'created': '2024-09-17T17:12:04.453768'}
2024-09-17T17:12:04.460189+00:00 CRITICAL 'ansible_navigator.actions.run_playbook._handle_message' Unhandled message from runner queue, discarded: {'event': 'verbose', 'uuid': '0b47da31-51b6-4764-87d0-212af20a61a1', 'counter': 2, 'stdout': 'playbook: /home/student/control-review/playbook.yml', 'start_line': 1, 'end_line': 2, 'runner_ident': '12ba6a61-33bd-46b5-8ae0-ae52a0e24bf5', 'created': '2024-09-17T17:12:04.454386'}
