2024-09-09T14:30:17.459234+00:00 INFO 'ansible_navigator.setup_logger' New ansible-navigator instance, logging initialized
2024-09-09T14:30:17.461494+00:00 INFO 'ansible_navigator.setup_logger' New ansible-runner instance, logging initialized
2024-09-09T14:30:17.461565+00:00 DEBUG 'ansible_navigator.main' ansible-builder==1.1.0 /usr/lib/python3.9/site-packages
2024-09-09T14:30:17.461594+00:00 DEBUG 'ansible_navigator.main' ansible-core==2.13.0 /usr/lib/python3.9/site-packages
2024-09-09T14:30:17.461617+00:00 DEBUG 'ansible_navigator.main' ansible-navigator==2.1.0 /usr/lib/python3.9/site-packages
2024-09-09T14:30:17.461639+00:00 DEBUG 'ansible_navigator.main' ansible-runner==2.2.0 /usr/lib/python3.9/site-packages
2024-09-09T14:30:17.461661+00:00 DEBUG 'ansible_navigator.main' attrs==21.4.0 /usr/lib/python3.9/site-packages
2024-09-09T14:30:17.461682+00:00 DEBUG 'ansible_navigator.main' babel==2.9.1 /usr/lib/python3.9/site-packages
2024-09-09T14:30:17.461702+00:00 DEBUG 'ansible_navigator.main' bindep==2.10.2 /usr/lib/python3.9/site-packages
2024-09-09T14:30:17.461723+00:00 DEBUG 'ansible_navigator.main' brlapi==0.8.2 /usr/lib64/python3.9/site-packages
2024-09-09T14:30:17.461744+00:00 DEBUG 'ansible_navigator.main' certifi==2020.6.20 /usr/lib/python3.9/site-packages
2024-09-09T14:30:17.461764+00:00 DEBUG 'ansible_navigator.main' cffi==1.15.0 /usr/lib64/python3.9/site-packages
2024-09-09T14:30:17.461784+00:00 DEBUG 'ansible_navigator.main' chardet==4.0.0 /usr/lib/python3.9/site-packages
2024-09-09T14:30:17.461804+00:00 DEBUG 'ansible_navigator.main' charset-normalizer==2.0.11 /usr/lib/python3.9/site-packages
2024-09-09T14:30:17.461824+00:00 DEBUG 'ansible_navigator.main' chrome-gnome-shell==0.0.0 /usr/lib/python3.9/site-packages
2024-09-09T14:30:17.461844+00:00 DEBUG 'ansible_navigator.main' cloud-init==21.1 /usr/lib/python3.9/site-packages
2024-09-09T14:30:17.461864+00:00 DEBUG 'ansible_navigator.main' configobj==5.0.6 /usr/lib/python3.9/site-packages
2024-09-09T14:30:17.461903+00:00 DEBUG 'ansible_navigator.main' cryptography==36.0.1 /usr/lib64/python3.9/site-packages
2024-09-09T14:30:17.461925+00:00 DEBUG 'ansible_navigator.main' cupshelpers==1.0 /usr/lib/python3.9/site-packages
2024-09-09T14:30:17.461945+00:00 DEBUG 'ansible_navigator.main' dasbus==1.4 /usr/lib/python3.9/site-packages
2024-09-09T14:30:17.461966+00:00 DEBUG 'ansible_navigator.main' dbus-python==1.2.18 /usr/lib64/python3.9/site-packages
2024-09-09T14:30:17.461986+00:00 DEBUG 'ansible_navigator.main' decorator==4.4.2 /usr/lib/python3.9/site-packages
2024-09-09T14:30:17.462006+00:00 DEBUG 'ansible_navigator.main' distlib==0.3.4 /usr/local/lib/python3.9/site-packages
2024-09-09T14:30:17.462026+00:00 DEBUG 'ansible_navigator.main' distro==1.6.0 /usr/lib/python3.9/site-packages
2024-09-09T14:30:17.462059+00:00 DEBUG 'ansible_navigator.main' docutils==0.16 /usr/lib/python3.9/site-packages
2024-09-09T14:30:17.462080+00:00 DEBUG 'ansible_navigator.main' ethtool==0.15 /usr/lib64/python3.9/site-packages
2024-09-09T14:30:17.462100+00:00 DEBUG 'ansible_navigator.main' file-magic==0.4.0 /usr/lib/python3.9/site-packages
2024-09-09T14:30:17.462120+00:00 DEBUG 'ansible_navigator.main' filelock==3.7.0 /usr/local/lib/python3.9/site-packages
2024-09-09T14:30:17.462140+00:00 DEBUG 'ansible_navigator.main' gpg==1.15.1 /usr/lib64/python3.9/site-packages
2024-09-09T14:30:17.462160+00:00 DEBUG 'ansible_navigator.main' idna==3.3 /usr/lib/python3.9/site-packages
2024-09-09T14:30:17.462180+00:00 DEBUG 'ansible_navigator.main' iniparse==0.4 /usr/lib/python3.9/site-packages
2024-09-09T14:30:17.462222+00:00 DEBUG 'ansible_navigator.main' jinja2==3.0.3 /usr/lib/python3.9/site-packages
2024-09-09T14:30:17.462251+00:00 DEBUG 'ansible_navigator.main' jsonpatch==1.21 /usr/lib/python3.9/site-packages
2024-09-09T14:30:17.462278+00:00 DEBUG 'ansible_navigator.main' jsonpointer==2.0 /usr/lib/python3.9/site-packages
2024-09-09T14:30:17.462308+00:00 DEBUG 'ansible_navigator.main' jsonschema==3.2.0 /usr/lib/python3.9/site-packages
2024-09-09T14:30:17.462337+00:00 DEBUG 'ansible_navigator.main' libcomps==0.1.18 /usr/lib64/python3.9/site-packages
2024-09-09T14:30:17.462374+00:00 DEBUG 'ansible_navigator.main' lockfile==0.12.2 /usr/lib/python3.9/site-packages
2024-09-09T14:30:17.462400+00:00 DEBUG 'ansible_navigator.main' lxml==4.6.5 /usr/lib64/python3.9/site-packages
2024-09-09T14:30:17.462420+00:00 DEBUG 'ansible_navigator.main' markupsafe==2.1.0 /usr/lib64/python3.9/site-packages
2024-09-09T14:30:17.462440+00:00 DEBUG 'ansible_navigator.main' netifaces==0.10.6 /usr/lib64/python3.9/site-packages
2024-09-09T14:30:17.462460+00:00 DEBUG 'ansible_navigator.main' nftables==0.1 /usr/lib/python3.9/site-packages
2024-09-09T14:30:17.462480+00:00 DEBUG 'ansible_navigator.main' oauthlib==3.1.1 /usr/lib/python3.9/site-packages
2024-09-09T14:30:17.462500+00:00 DEBUG 'ansible_navigator.main' onigurumacffi==1.1.0 /usr/lib64/python3.9/site-packages
2024-09-09T14:30:17.462520+00:00 DEBUG 'ansible_navigator.main' packaging==21.2 /usr/lib/python3.9/site-packages
2024-09-09T14:30:17.462539+00:00 DEBUG 'ansible_navigator.main' parsley==1.3 /usr/lib/python3.9/site-packages
2024-09-09T14:30:17.462559+00:00 DEBUG 'ansible_navigator.main' pbr==5.8.1 /usr/lib/python3.9/site-packages
2024-09-09T14:30:17.462579+00:00 DEBUG 'ansible_navigator.main' perf==0.1 /usr/lib64/python3.9/site-packages
2024-09-09T14:30:17.462598+00:00 DEBUG 'ansible_navigator.main' pexpect==4.8.0 /usr/lib/python3.9/site-packages
2024-09-09T14:30:17.462618+00:00 DEBUG 'ansible_navigator.main' pip==21.2.3 /usr/lib/python3.9/site-packages
2024-09-09T14:30:17.462638+00:00 DEBUG 'ansible_navigator.main' platformdirs==2.5.2 /usr/local/lib/python3.9/site-packages
2024-09-09T14:30:17.462657+00:00 DEBUG 'ansible_navigator.main' ply==3.11 /usr/lib/python3.9/site-packages
2024-09-09T14:30:17.462677+00:00 DEBUG 'ansible_navigator.main' prettytable==0.7.2 /usr/lib/python3.9/site-packages
2024-09-09T14:30:17.462697+00:00 DEBUG 'ansible_navigator.main' psutil==5.8.0 /usr/lib64/python3.9/site-packages
2024-09-09T14:30:17.462716+00:00 DEBUG 'ansible_navigator.main' ptyprocess==0.6.0 /usr/lib/python3.9/site-packages
2024-09-09T14:30:17.462736+00:00 DEBUG 'ansible_navigator.main' pycairo==1.20.0 /usr/lib64/python3.9/site-packages
2024-09-09T14:30:17.462755+00:00 DEBUG 'ansible_navigator.main' pycparser==2.21 /usr/lib/python3.9/site-packages
2024-09-09T14:30:17.462775+00:00 DEBUG 'ansible_navigator.main' pycups==2.0.1 /usr/lib64/python3.9/site-packages
2024-09-09T14:30:17.462794+00:00 DEBUG 'ansible_navigator.main' pycurl==7.43.0.6 /usr/lib64/python3.9/site-packages
2024-09-09T14:30:17.462813+00:00 DEBUG 'ansible_navigator.main' pyenchant==3.2.0 /usr/lib/python3.9/site-packages
2024-09-09T14:30:17.462833+00:00 DEBUG 'ansible_navigator.main' pygobject==3.40.1 /usr/lib64/python3.9/site-packages
2024-09-09T14:30:17.462852+00:00 DEBUG 'ansible_navigator.main' pyinotify==0.9.6 /usr/lib/python3.9/site-packages
2024-09-09T14:30:17.462881+00:00 DEBUG 'ansible_navigator.main' pyopenssl==19.1.0 /usr/lib/python3.9/site-packages
2024-09-09T14:30:17.462904+00:00 DEBUG 'ansible_navigator.main' pyparsing==2.4.7 /usr/lib/python3.9/site-packages
2024-09-09T14:30:17.462924+00:00 DEBUG 'ansible_navigator.main' pyrsistent==0.17.3 /usr/lib64/python3.9/site-packages
2024-09-09T14:30:17.462944+00:00 DEBUG 'ansible_navigator.main' pyserial==3.4 /usr/lib/python3.9/site-packages
2024-09-09T14:30:17.462964+00:00 DEBUG 'ansible_navigator.main' pysocks==1.7.1 /usr/lib/python3.9/site-packages
2024-09-09T14:30:17.462983+00:00 DEBUG 'ansible_navigator.main' python-daemon==2.3.0 /usr/lib/python3.9/site-packages
2024-09-09T14:30:17.463003+00:00 DEBUG 'ansible_navigator.main' python-dateutil==2.8.1 /usr/lib/python3.9/site-packages
2024-09-09T14:30:17.463022+00:00 DEBUG 'ansible_navigator.main' python-dmidecode==3.12.2 /usr/lib64/python3.9/site-packages
2024-09-09T14:30:17.463042+00:00 DEBUG 'ansible_navigator.main' python-linux-procfs==0.7.0 /usr/lib/python3.9/site-packages
2024-09-09T14:30:17.463061+00:00 DEBUG 'ansible_navigator.main' pytz==2021.3 /usr/lib/python3.9/site-packages
2024-09-09T14:30:17.463080+00:00 DEBUG 'ansible_navigator.main' pyudev==0.22.0 /usr/lib/python3.9/site-packages
2024-09-09T14:30:17.463104+00:00 DEBUG 'ansible_navigator.main' pyxdg==0.27 /usr/lib/python3.9/site-packages
2024-09-09T14:30:17.463124+00:00 DEBUG 'ansible_navigator.main' pyyaml==5.4.1 /usr/lib64/python3.9/site-packages
2024-09-09T14:30:17.463143+00:00 DEBUG 'ansible_navigator.main' requests==2.27.1 /usr/lib/python3.9/site-packages
2024-09-09T14:30:17.463162+00:00 DEBUG 'ansible_navigator.main' requirements-parser==0.2.0 /usr/lib/python3.9/site-packages
2024-09-09T14:30:17.463181+00:00 DEBUG 'ansible_navigator.main' resolvelib==0.5.4 /usr/lib/python3.9/site-packages
2024-09-09T14:30:17.463211+00:00 DEBUG 'ansible_navigator.main' rpm==4.16.1.3 /usr/lib64/python3.9/site-packages
2024-09-09T14:30:17.463230+00:00 DEBUG 'ansible_navigator.main' selinux==3.3 /usr/lib64/python3.9/site-packages
2024-09-09T14:30:17.463249+00:00 DEBUG 'ansible_navigator.main' sepolicy==3.3 /usr/lib/python3.9/site-packages
2024-09-09T14:30:17.463268+00:00 DEBUG 'ansible_navigator.main' setools==4.4.0 /usr/lib64/python3.9/site-packages
2024-09-09T14:30:17.463288+00:00 DEBUG 'ansible_navigator.main' setroubleshoot==1.1 /usr/lib/python3.9/site-packages
2024-09-09T14:30:17.463307+00:00 DEBUG 'ansible_navigator.main' setuptools==53.0.0 /usr/lib/python3.9/site-packages
2024-09-09T14:30:17.463326+00:00 DEBUG 'ansible_navigator.main' six==1.16.0 /usr/lib/python3.9/site-packages
2024-09-09T14:30:17.463346+00:00 DEBUG 'ansible_navigator.main' sos==4.2 /usr/lib/python3.9/site-packages
2024-09-09T14:30:17.463365+00:00 DEBUG 'ansible_navigator.main' subscription-manager==1.29.26 /usr/lib64/python3.9/site-packages
2024-09-09T14:30:17.463385+00:00 DEBUG 'ansible_navigator.main' systemd-python==234 /usr/lib64/python3.9/site-packages
2024-09-09T14:30:17.463405+00:00 DEBUG 'ansible_navigator.main' urllib3==1.26.8 /usr/lib/python3.9/site-packages
2024-09-09T14:30:17.463423+00:00 DEBUG 'ansible_navigator.main' virtualenv==20.14.1 /usr/local/lib/python3.9/site-packages
2024-09-09T14:30:17.463443+00:00 DEBUG 'ansible_navigator.main' Share directory '/usr/lib/python3.9/share/ansible_navigator' not found (development path)
2024-09-09T14:30:17.463463+00:00 DEBUG 'ansible_navigator.main' Share directory '/home/student/.local/share/ansible_navigator' not found (userbase)
2024-09-09T14:30:17.463483+00:00 DEBUG 'ansible_navigator.main' Share directory '/usr/share/ansible_navigator' found (sys.prefix)
2024-09-09T14:30:17.463502+00:00 DEBUG 'ansible_navigator.main' Default collection_doc_cache_path set to: /home/student/.cache/ansible-navigator/collection_doc_cache.db
2024-09-09T14:30:17.463522+00:00 DEBUG 'ansible_navigator.main' EDITOR environment variable not set
2024-09-09T14:30:17.463542+00:00 DEBUG 'ansible_navigator.main' Default editor_command set to: vi +{line_number} {filename}
2024-09-09T14:30:17.463561+00:00 DEBUG 'ansible_navigator.main' No config file set by ANSIBLE_NAVIGATOR_CONFIG
2024-09-09T14:30:17.463581+00:00 DEBUG 'ansible_navigator.main' Looking in /home/student
2024-09-09T14:30:17.463600+00:00 DEBUG 'ansible_navigator.main' Looking for '/home/student/.ansible-navigator.yml', '/home/student/.ansible-navigator.yaml' and '/home/student/.ansible-navigator.json'
2024-09-09T14:30:17.463621+00:00 DEBUG 'ansible_navigator.main' Found 1: '/home/student/.ansible-navigator.yml'
2024-09-09T14:30:17.463640+00:00 DEBUG 'ansible_navigator.main' Looking in /home/student/data-variables
2024-09-09T14:30:17.463660+00:00 DEBUG 'ansible_navigator.main' Looking for '/home/student/data-variables/ansible-navigator.yml', '/home/student/data-variables/ansible-navigator.yaml' and '/home/student/data-variables/ansible-navigator.json'
2024-09-09T14:30:17.463681+00:00 DEBUG 'ansible_navigator.main' Found 0: 
2024-09-09T14:30:17.463701+00:00 DEBUG 'ansible_navigator.main' All found 1: '/home/student/.ansible-navigator.yml'
2024-09-09T14:30:17.463721+00:00 DEBUG 'ansible_navigator.main' Using: /home/student/.ansible-navigator.yml
2024-09-09T14:30:17.463740+00:00 DEBUG 'ansible_navigator.main' Using settings file at /home/student/.ansible-navigator.yml in search path
2024-09-09T14:30:17.463764+00:00 DEBUG 'ansible_navigator.main' Command provided: '-m stdout playbook.yml --syntax-check'
2024-09-09T14:30:17.463784+00:00 DEBUG 'ansible_navigator.main' ansible-navigator.ansible-runner.artifact-dir not found in settings file
2024-09-09T14:30:17.463804+00:00 DEBUG 'ansible_navigator.main' ansible-navigator.ansible-runner.rotate-artifacts-count not found in settings file
2024-09-09T14:30:17.463824+00:00 DEBUG 'ansible_navigator.main' ansible-navigator.ansible-runner.timeout not found in settings file
2024-09-09T14:30:17.463845+00:00 DEBUG 'ansible_navigator.main' ansible-navigator.app not found in settings file
2024-09-09T14:30:17.463864+00:00 DEBUG 'ansible_navigator.main' ansible-navigator.ansible.cmdline not found in settings file
2024-09-09T14:30:17.463905+00:00 DEBUG 'ansible_navigator.main' ansible-navigator.collection-doc-cache-path not found in settings file
2024-09-09T14:30:17.463925+00:00 DEBUG 'ansible_navigator.main' ansible-navigator.ansible.config.path not found in settings file
2024-09-09T14:30:17.463946+00:00 DEBUG 'ansible_navigator.main' ansible-navigator.execution-environment.container-engine not found in settings file
2024-09-09T14:30:17.463966+00:00 DEBUG 'ansible_navigator.main' ansible-navigator.execution-environment.container-options not found in settings file
2024-09-09T14:30:17.463986+00:00 DEBUG 'ansible_navigator.main' ansible-navigator.color.enable not found in settings file
2024-09-09T14:30:17.464006+00:00 DEBUG 'ansible_navigator.main' ansible-navigator.editor.command not found in settings file
2024-09-09T14:30:17.464025+00:00 DEBUG 'ansible_navigator.main' ansible-navigator.editor.console not found in settings file
2024-09-09T14:30:17.464046+00:00 DEBUG 'ansible_navigator.main' ansible-navigator.exec.command not found in settings file
2024-09-09T14:30:17.464065+00:00 DEBUG 'ansible_navigator.main' ansible-navigator.exec.shell not found in settings file
2024-09-09T14:30:17.464085+00:00 DEBUG 'ansible_navigator.main' ansible-navigator.execution-environment.enabled not found in settings file
2024-09-09T14:30:17.464105+00:00 DEBUG 'ansible_navigator.main' ansible-navigator.execution-environment.volume-mounts not found in settings file
2024-09-09T14:30:17.464124+00:00 DEBUG 'ansible_navigator.main' ansible-navigator.ansible-builder.help not found in settings file
2024-09-09T14:30:17.464144+00:00 DEBUG 'ansible_navigator.main' ansible-navigator.ansible.config.help not found in settings file
2024-09-09T14:30:17.464164+00:00 DEBUG 'ansible_navigator.main' ansible-navigator.ansible.doc.help not found in settings file
2024-09-09T14:30:17.464183+00:00 DEBUG 'ansible_navigator.main' ansible-navigator.ansible.inventory.help not found in settings file
2024-09-09T14:30:17.464234+00:00 DEBUG 'ansible_navigator.main' ansible-navigator.ansible.playbook.help not found in settings file
2024-09-09T14:30:17.464254+00:00 DEBUG 'ansible_navigator.main' ansible-navigator.images.details not found in settings file
2024-09-09T14:30:17.464274+00:00 DEBUG 'ansible_navigator.main' ansible-navigator.ansible.inventory.entries not found in settings file
2024-09-09T14:30:17.464293+00:00 DEBUG 'ansible_navigator.main' ansible-navigator.inventory-columns not found in settings file
2024-09-09T14:30:17.464313+00:00 DEBUG 'ansible_navigator.main' ansible-navigator.ansible-lint.config not found in settings file
2024-09-09T14:30:17.464333+00:00 DEBUG 'ansible_navigator.main' ansible-navigator.ansible-lint.lintables not found in settings file
2024-09-09T14:30:17.464353+00:00 DEBUG 'ansible_navigator.main' ansible-navigator.logging.append not found in settings file
2024-09-09T14:30:17.464373+00:00 DEBUG 'ansible_navigator.main' ansible-navigator.logging.file not found in settings file
2024-09-09T14:30:17.464392+00:00 DEBUG 'ansible_navigator.main' ansible-navigator.logging.level not found in settings file
2024-09-09T14:30:17.464412+00:00 DEBUG 'ansible_navigator.main' ansible-navigator.mode not found in settings file
2024-09-09T14:30:17.464432+00:00 DEBUG 'ansible_navigator.main' ansible-navigator.color.osc4 not found in settings file
2024-09-09T14:30:17.464463+00:00 DEBUG 'ansible_navigator.main' ansible-navigator.execution-environment.environment-variables.pass not found in settings file
2024-09-09T14:30:17.464484+00:00 DEBUG 'ansible_navigator.main' ansible-navigator.ansible.playbook.path not found in settings file
2024-09-09T14:30:17.464504+00:00 DEBUG 'ansible_navigator.main' ansible-navigator.playbook-artifact.enable not found in settings file
2024-09-09T14:30:17.464524+00:00 DEBUG 'ansible_navigator.main' ansible-navigator.playbook-artifact.replay not found in settings file
2024-09-09T14:30:17.464544+00:00 DEBUG 'ansible_navigator.main' ansible-navigator.playbook-artifact.save-as not found in settings file
2024-09-09T14:30:17.464564+00:00 DEBUG 'ansible_navigator.main' ansible-navigator.ansible.doc.plugin.name not found in settings file
2024-09-09T14:30:17.464583+00:00 DEBUG 'ansible_navigator.main' ansible-navigator.ansible.doc.plugin.type not found in settings file
2024-09-09T14:30:17.464603+00:00 DEBUG 'ansible_navigator.main' ansible-navigator.execution-environment.pull.arguments not found in settings file
2024-09-09T14:30:17.464623+00:00 DEBUG 'ansible_navigator.main' ansible-navigator.execution-environment.environment-variables.set not found in settings file
2024-09-09T14:30:17.464643+00:00 DEBUG 'ansible_navigator.main' ansible-navigator.settings.effective not found in settings file
2024-09-09T14:30:17.464662+00:00 DEBUG 'ansible_navigator.main' ansible-navigator.settings.sample not found in settings file
2024-09-09T14:30:17.464683+00:00 DEBUG 'ansible_navigator.main' ansible-navigator.settings.schema not found in settings file
2024-09-09T14:30:17.464702+00:00 DEBUG 'ansible_navigator.main' ansible-navigator.settings.sources not found in settings file
2024-09-09T14:30:17.464722+00:00 DEBUG 'ansible_navigator.main' ansible-navigator.time-zone not found in settings file
2024-09-09T14:30:17.464741+00:00 DEBUG 'ansible_navigator.main' ansible-navigator.ansible-builder.workdir not found in settings file
2024-09-09T14:30:17.464766+00:00 WARNING 'ansible_navigator.main' Configuration errors encountered, rolling back to previous configuration.
2024-09-09T14:30:17.464786+00:00 DEBUG 'ansible_navigator.main' Prior to rollback: ansible_runner_artifact_dir = 'Not set' (Constants/Not set)
2024-09-09T14:30:17.464806+00:00 DEBUG 'ansible_navigator.main' Prior to rollback: ansible_runner_rotate_artifacts_count = 'Not set' (Constants/Not set)
2024-09-09T14:30:17.464826+00:00 DEBUG 'ansible_navigator.main' Prior to rollback: ansible_runner_timeout = 'Not set' (Constants/Not set)
2024-09-09T14:30:17.464846+00:00 DEBUG 'ansible_navigator.main' Prior to rollback: app = 'welcome' (str/Defaults)
2024-09-09T14:30:17.464865+00:00 DEBUG 'ansible_navigator.main' Prior to rollback: cmdline = '['-m', 'stdout', 'playbook.yml', '--syntax-check']' (list/Command line)
2024-09-09T14:30:17.464899+00:00 DEBUG 'ansible_navigator.main' Prior to rollback: collection_doc_cache_path = '/home/student/.cache/ansible-navigator/collection_doc_cache.db' (str/Defaults)
2024-09-09T14:30:17.464919+00:00 DEBUG 'ansible_navigator.main' Prior to rollback: config = 'Not set' (Constants/Not set)
2024-09-09T14:30:17.464939+00:00 DEBUG 'ansible_navigator.main' Prior to rollback: container_engine = 'auto' (str/Defaults)
2024-09-09T14:30:17.464958+00:00 DEBUG 'ansible_navigator.main' Prior to rollback: container_options = 'Not set' (Constants/Not set)
2024-09-09T14:30:17.464978+00:00 DEBUG 'ansible_navigator.main' Prior to rollback: display_color = 'True' (bool/Defaults)
2024-09-09T14:30:17.464998+00:00 DEBUG 'ansible_navigator.main' Prior to rollback: editor_command = 'vi +{line_number} {filename}' (str/Defaults)
2024-09-09T14:30:17.465018+00:00 DEBUG 'ansible_navigator.main' Prior to rollback: editor_console = 'True' (bool/Defaults)
2024-09-09T14:30:17.465037+00:00 DEBUG 'ansible_navigator.main' Prior to rollback: exec_command = '/bin/bash' (str/Defaults)
2024-09-09T14:30:17.465057+00:00 DEBUG 'ansible_navigator.main' Prior to rollback: exec_shell = 'True' (bool/Defaults)
2024-09-09T14:30:17.465080+00:00 DEBUG 'ansible_navigator.main' Prior to rollback: execution_environment = 'True' (bool/Defaults)
2024-09-09T14:30:17.465100+00:00 DEBUG 'ansible_navigator.main' Prior to rollback: execution_environment_image = 'utility.lab.example.com/ee-supported-rhel8:latest' (str/Settings file)
2024-09-09T14:30:17.465120+00:00 DEBUG 'ansible_navigator.main' Prior to rollback: execution_environment_volume_mounts = 'Not set' (Constants/Not set)
2024-09-09T14:30:17.465139+00:00 DEBUG 'ansible_navigator.main' Prior to rollback: help_builder = 'False' (bool/Defaults)
2024-09-09T14:30:17.465159+00:00 DEBUG 'ansible_navigator.main' Prior to rollback: help_config = 'False' (bool/Defaults)
2024-09-09T14:30:17.465179+00:00 DEBUG 'ansible_navigator.main' Prior to rollback: help_doc = 'False' (bool/Defaults)
2024-09-09T14:30:17.465205+00:00 DEBUG 'ansible_navigator.main' Prior to rollback: help_inventory = 'False' (bool/Defaults)
2024-09-09T14:30:17.465225+00:00 DEBUG 'ansible_navigator.main' Prior to rollback: help_playbook = 'False' (bool/Defaults)
2024-09-09T14:30:17.465245+00:00 DEBUG 'ansible_navigator.main' Prior to rollback: images_details = '['everything']' (list/Defaults)
2024-09-09T14:30:17.465264+00:00 DEBUG 'ansible_navigator.main' Prior to rollback: inventory = 'Not set' (Constants/Not set)
2024-09-09T14:30:17.465284+00:00 DEBUG 'ansible_navigator.main' Prior to rollback: inventory_column = 'Not set' (Constants/Not set)
2024-09-09T14:30:17.465304+00:00 DEBUG 'ansible_navigator.main' Prior to rollback: lint_config = 'Not set' (Constants/Not set)
2024-09-09T14:30:17.465323+00:00 DEBUG 'ansible_navigator.main' Prior to rollback: lintables = 'Not set' (Constants/Not set)
2024-09-09T14:30:17.465343+00:00 DEBUG 'ansible_navigator.main' Prior to rollback: log_append = 'True' (bool/Defaults)
2024-09-09T14:30:17.465363+00:00 DEBUG 'ansible_navigator.main' Prior to rollback: log_file = '/home/student/data-variables/ansible-navigator.log' (str/Defaults)
2024-09-09T14:30:17.465382+00:00 DEBUG 'ansible_navigator.main' Prior to rollback: log_level = 'warning' (str/Defaults)
2024-09-09T14:30:17.465402+00:00 DEBUG 'ansible_navigator.main' Prior to rollback: mode = 'stdout' (str/Command line)
2024-09-09T14:30:17.465421+00:00 DEBUG 'ansible_navigator.main' Prior to rollback: osc4 = 'True' (bool/Defaults)
2024-09-09T14:30:17.465440+00:00 DEBUG 'ansible_navigator.main' Prior to rollback: pass_environment_variable = 'Not set' (Constants/Not set)
2024-09-09T14:30:17.465460+00:00 DEBUG 'ansible_navigator.main' Prior to rollback: playbook = 'Not set' (Constants/Not set)
2024-09-09T14:30:17.465479+00:00 DEBUG 'ansible_navigator.main' Prior to rollback: playbook_artifact_enable = 'True' (bool/Defaults)
2024-09-09T14:30:17.465500+00:00 DEBUG 'ansible_navigator.main' Prior to rollback: playbook_artifact_replay = 'Not set' (Constants/Not set)
2024-09-09T14:30:17.465519+00:00 DEBUG 'ansible_navigator.main' Prior to rollback: playbook_artifact_save_as = '{playbook_dir}/{playbook_name}-artifact-{time_stamp}.json' (str/Defaults)
2024-09-09T14:30:17.465539+00:00 DEBUG 'ansible_navigator.main' Prior to rollback: plugin_name = 'Not set' (Constants/Not set)
2024-09-09T14:30:17.465559+00:00 DEBUG 'ansible_navigator.main' Prior to rollback: plugin_type = 'module' (str/Defaults)
2024-09-09T14:30:17.465578+00:00 DEBUG 'ansible_navigator.main' Prior to rollback: pull_arguments = 'Not set' (Constants/Not set)
2024-09-09T14:30:17.465597+00:00 DEBUG 'ansible_navigator.main' Prior to rollback: pull_policy = 'missing' (str/Settings file)
2024-09-09T14:30:17.465616+00:00 DEBUG 'ansible_navigator.main' Prior to rollback: set_environment_variable = 'Not set' (Constants/Not set)
2024-09-09T14:30:17.465636+00:00 DEBUG 'ansible_navigator.main' Prior to rollback: settings_effective = 'False' (bool/Defaults)
2024-09-09T14:30:17.465656+00:00 DEBUG 'ansible_navigator.main' Prior to rollback: settings_sample = 'False' (bool/Defaults)
2024-09-09T14:30:17.465675+00:00 DEBUG 'ansible_navigator.main' Prior to rollback: settings_schema = 'json' (str/Defaults)
2024-09-09T14:30:17.465698+00:00 DEBUG 'ansible_navigator.main' Prior to rollback: settings_sources = 'False' (bool/Defaults)
2024-09-09T14:30:17.465717+00:00 DEBUG 'ansible_navigator.main' Prior to rollback: time_zone = 'UTC' (str/Defaults)
2024-09-09T14:30:17.465736+00:00 DEBUG 'ansible_navigator.main' Prior to rollback: workdir = '/home/student/data-variables' (str/Defaults)
2024-09-09T14:30:17.465756+00:00 DEBUG 'ansible_navigator.main' After rollback: ansible_runner_artifact_dir = 'Not set' (Constants/Not set)
2024-09-09T14:30:17.465776+00:00 DEBUG 'ansible_navigator.main' After rollback: ansible_runner_rotate_artifacts_count = 'Not set' (Constants/Not set)
2024-09-09T14:30:17.465795+00:00 DEBUG 'ansible_navigator.main' After rollback: ansible_runner_timeout = 'Not set' (Constants/Not set)
2024-09-09T14:30:17.465815+00:00 DEBUG 'ansible_navigator.main' After rollback: app = 'Not set' (Constants/Not set)
2024-09-09T14:30:17.465834+00:00 DEBUG 'ansible_navigator.main' After rollback: cmdline = 'Not set' (Constants/Not set)
2024-09-09T14:30:17.465853+00:00 DEBUG 'ansible_navigator.main' After rollback: collection_doc_cache_path = 'Not set' (Constants/Not set)
2024-09-09T14:30:17.465880+00:00 DEBUG 'ansible_navigator.main' After rollback: config = 'Not set' (Constants/Not set)
2024-09-09T14:30:17.465903+00:00 DEBUG 'ansible_navigator.main' After rollback: container_engine = 'Not set' (Constants/Not set)
2024-09-09T14:30:17.465923+00:00 DEBUG 'ansible_navigator.main' After rollback: container_options = 'Not set' (Constants/Not set)
2024-09-09T14:30:17.465943+00:00 DEBUG 'ansible_navigator.main' After rollback: display_color = 'Not set' (Constants/Not set)
2024-09-09T14:30:17.465962+00:00 DEBUG 'ansible_navigator.main' After rollback: editor_command = 'Not set' (Constants/Not set)
2024-09-09T14:30:17.465982+00:00 DEBUG 'ansible_navigator.main' After rollback: editor_console = 'Not set' (Constants/Not set)
2024-09-09T14:30:17.466002+00:00 DEBUG 'ansible_navigator.main' After rollback: exec_command = 'Not set' (Constants/Not set)
2024-09-09T14:30:17.466022+00:00 DEBUG 'ansible_navigator.main' After rollback: exec_shell = 'Not set' (Constants/Not set)
2024-09-09T14:30:17.466041+00:00 DEBUG 'ansible_navigator.main' After rollback: execution_environment = 'Not set' (Constants/Not set)
2024-09-09T14:30:17.466061+00:00 DEBUG 'ansible_navigator.main' After rollback: execution_environment_image = 'Not set' (Constants/Not set)
2024-09-09T14:30:17.466081+00:00 DEBUG 'ansible_navigator.main' After rollback: execution_environment_volume_mounts = 'Not set' (Constants/Not set)
2024-09-09T14:30:17.466100+00:00 DEBUG 'ansible_navigator.main' After rollback: help_builder = 'Not set' (Constants/Not set)
2024-09-09T14:30:17.466120+00:00 DEBUG 'ansible_navigator.main' After rollback: help_config = 'Not set' (Constants/Not set)
2024-09-09T14:30:17.466140+00:00 DEBUG 'ansible_navigator.main' After rollback: help_doc = 'Not set' (Constants/Not set)
2024-09-09T14:30:17.466159+00:00 DEBUG 'ansible_navigator.main' After rollback: help_inventory = 'Not set' (Constants/Not set)
2024-09-09T14:30:17.466179+00:00 DEBUG 'ansible_navigator.main' After rollback: help_playbook = 'Not set' (Constants/Not set)
2024-09-09T14:30:17.466208+00:00 DEBUG 'ansible_navigator.main' After rollback: images_details = 'Not set' (Constants/Not set)
2024-09-09T14:30:17.466228+00:00 DEBUG 'ansible_navigator.main' After rollback: inventory = 'Not set' (Constants/Not set)
2024-09-09T14:30:17.466248+00:00 DEBUG 'ansible_navigator.main' After rollback: inventory_column = 'Not set' (Constants/Not set)
2024-09-09T14:30:17.466276+00:00 DEBUG 'ansible_navigator.main' After rollback: lint_config = 'Not set' (Constants/Not set)
2024-09-09T14:30:17.466304+00:00 DEBUG 'ansible_navigator.main' After rollback: lintables = 'Not set' (Constants/Not set)
2024-09-09T14:30:17.466332+00:00 DEBUG 'ansible_navigator.main' After rollback: log_append = 'Not set' (Constants/Not set)
2024-09-09T14:30:17.466361+00:00 DEBUG 'ansible_navigator.main' After rollback: log_file = 'Not set' (Constants/Not set)
2024-09-09T14:30:17.466408+00:00 DEBUG 'ansible_navigator.main' After rollback: log_level = 'Not set' (Constants/Not set)
2024-09-09T14:30:17.466444+00:00 DEBUG 'ansible_navigator.main' After rollback: mode = 'Not set' (Constants/Not set)
2024-09-09T14:30:17.466477+00:00 DEBUG 'ansible_navigator.main' After rollback: osc4 = 'Not set' (Constants/Not set)
2024-09-09T14:30:17.466510+00:00 DEBUG 'ansible_navigator.main' After rollback: pass_environment_variable = 'Not set' (Constants/Not set)
2024-09-09T14:30:17.466542+00:00 DEBUG 'ansible_navigator.main' After rollback: playbook = 'Not set' (Constants/Not set)
2024-09-09T14:30:17.466573+00:00 DEBUG 'ansible_navigator.main' After rollback: playbook_artifact_enable = 'Not set' (Constants/Not set)
2024-09-09T14:30:17.466607+00:00 DEBUG 'ansible_navigator.main' After rollback: playbook_artifact_replay = 'Not set' (Constants/Not set)
2024-09-09T14:30:17.466641+00:00 DEBUG 'ansible_navigator.main' After rollback: playbook_artifact_save_as = 'Not set' (Constants/Not set)
2024-09-09T14:30:17.466674+00:00 DEBUG 'ansible_navigator.main' After rollback: plugin_name = 'Not set' (Constants/Not set)
2024-09-09T14:30:17.466706+00:00 DEBUG 'ansible_navigator.main' After rollback: plugin_type = 'Not set' (Constants/Not set)
2024-09-09T14:30:17.466739+00:00 DEBUG 'ansible_navigator.main' After rollback: pull_arguments = 'Not set' (Constants/Not set)
2024-09-09T14:30:17.466774+00:00 DEBUG 'ansible_navigator.main' After rollback: pull_policy = 'Not set' (Constants/Not set)
2024-09-09T14:30:17.466806+00:00 DEBUG 'ansible_navigator.main' After rollback: set_environment_variable = 'Not set' (Constants/Not set)
2024-09-09T14:30:17.466836+00:00 DEBUG 'ansible_navigator.main' After rollback: settings_effective = 'Not set' (Constants/Not set)
2024-09-09T14:30:17.466868+00:00 DEBUG 'ansible_navigator.main' After rollback: settings_sample = 'Not set' (Constants/Not set)
2024-09-09T14:30:17.466923+00:00 DEBUG 'ansible_navigator.main' After rollback: settings_schema = 'Not set' (Constants/Not set)
2024-09-09T14:30:17.466956+00:00 DEBUG 'ansible_navigator.main' After rollback: settings_sources = 'Not set' (Constants/Not set)
2024-09-09T14:30:17.466990+00:00 DEBUG 'ansible_navigator.main' After rollback: time_zone = 'Not set' (Constants/Not set)
2024-09-09T14:30:17.467023+00:00 DEBUG 'ansible_navigator.main' After rollback: workdir = 'Not set' (Constants/Not set)
2024-09-09T14:30:17.467056+00:00 DEBUG 'ansible_navigator.main' Configuration rollback complete.
2024-09-09T14:30:17.467089+00:00 DEBUG 'ansible_navigator.main' Collection doc cache not mounted
2024-09-09T14:30:17.467142+00:00 WARNING 'ansible_navigator.main' Issues were found while applying the settings.
2024-09-09T14:30:17.467178+00:00 INFO 'ansible_navigator.main' Command provided: '-m stdout playbook.yml --syntax-check'
2024-09-09T14:30:17.467232+00:00 ERROR 'ansible_navigator.main' argument {subcommand} --help: invalid choice: 'playbook.yml' (choose from 'builder', 'collections', 'config', 'doc', 'exec', 'images', 'inventory', 'lint', 'replay', 'run', 'settings', 'welcome')
2024-09-09T14:30:17.467269+00:00 INFO 'ansible_navigator.main' Configuration failed, using default log file location. (/home/student/data-variables/ansible-navigator.log) Log level set to debug
2024-09-09T14:30:17.467309+00:00 INFO 'ansible_navigator.main' Review the hints and log file to see what went wrong.
2024-09-09T14:30:38.766786+00:00 CRITICAL 'ansible_navigator.actions.run_playbook._handle_message' Unhandled message from runner queue, discarded: {'event': 'verbose', 'uuid': '34e37e69-8afb-4243-b523-4645c95636d9', 'counter': 1, 'stdout': "\x1b[0;31mERROR! couldn't resolve module/action 'ansbile.builtin.uri'. This often indicates a misspelling, missing collection, or incorrect module path.\x1b[0m", 'start_line': 0, 'end_line': 1, 'runner_ident': 'c9d033a7-fc57-476d-a0f9-22ab39e1d66b', 'created': '2024-09-09T14:30:38.758551'}
2024-09-09T14:30:38.768155+00:00 CRITICAL 'ansible_navigator.actions.run_playbook._handle_message' Unhandled message from runner queue, discarded: {'event': 'verbose', 'uuid': '4df8222b-d117-4d7b-b87f-63c4decdd17a', 'counter': 2, 'stdout': '\x1b[0;31m\x1b[0m', 'start_line': 1, 'end_line': 2, 'runner_ident': 'c9d033a7-fc57-476d-a0f9-22ab39e1d66b', 'created': '2024-09-09T14:30:38.759188'}
2024-09-09T14:30:38.768292+00:00 CRITICAL 'ansible_navigator.actions.run_playbook._handle_message' Unhandled message from runner queue, discarded: {'event': 'verbose', 'uuid': 'b197bc65-eb1c-42e0-8bff-646376287456', 'counter': 3, 'stdout': "\x1b[0;31mThe error appears to be in '/home/student/data-variables/playbook.yml': line 49, column 5, but may\x1b[0m", 'start_line': 2, 'end_line': 3, 'runner_ident': 'c9d033a7-fc57-476d-a0f9-22ab39e1d66b', 'created': '2024-09-09T14:30:38.759283'}
2024-09-09T14:30:38.768363+00:00 CRITICAL 'ansible_navigator.actions.run_playbook._handle_message' Unhandled message from runner queue, discarded: {'event': 'verbose', 'uuid': '74828a30-8c19-4738-89f0-427641d25ad6', 'counter': 4, 'stdout': '\x1b[0;31mbe elsewhere in the file depending on the exact syntax problem.\x1b[0m', 'start_line': 3, 'end_line': 4, 'runner_ident': 'c9d033a7-fc57-476d-a0f9-22ab39e1d66b', 'created': '2024-09-09T14:30:38.759336'}
2024-09-09T14:30:38.768418+00:00 CRITICAL 'ansible_navigator.actions.run_playbook._handle_message' Unhandled message from runner queue, discarded: {'event': 'verbose', 'uuid': '091d3cfb-54ba-4381-b522-17521dc0cbfd', 'counter': 5, 'stdout': '\x1b[0;31m\x1b[0m', 'start_line': 4, 'end_line': 5, 'runner_ident': 'c9d033a7-fc57-476d-a0f9-22ab39e1d66b', 'created': '2024-09-09T14:30:38.759392'}
2024-09-09T14:30:38.768483+00:00 CRITICAL 'ansible_navigator.actions.run_playbook._handle_message' Unhandled message from runner queue, discarded: {'event': 'verbose', 'uuid': '071c21d2-bd1d-4857-b577-413018e12259', 'counter': 6, 'stdout': '\x1b[0;31mThe offending line appears to be:\x1b[0m', 'start_line': 5, 'end_line': 6, 'runner_ident': 'c9d033a7-fc57-476d-a0f9-22ab39e1d66b', 'created': '2024-09-09T14:30:38.759437'}
2024-09-09T14:30:38.768539+00:00 CRITICAL 'ansible_navigator.actions.run_playbook._handle_message' Unhandled message from runner queue, discarded: {'event': 'verbose', 'uuid': '55e75931-a813-4f86-987c-0cd0dae38d2c', 'counter': 7, 'stdout': '\x1b[0;31m\x1b[0m', 'start_line': 6, 'end_line': 7, 'runner_ident': 'c9d033a7-fc57-476d-a0f9-22ab39e1d66b', 'created': '2024-09-09T14:30:38.759481'}
2024-09-09T14:30:38.768586+00:00 CRITICAL 'ansible_navigator.actions.run_playbook._handle_message' Unhandled message from runner queue, discarded: {'event': 'verbose', 'uuid': '1879b565-2bcb-468e-a7a2-8de1a9d3e0d0', 'counter': 8, 'stdout': '\x1b[0;31m\x1b[0m', 'start_line': 7, 'end_line': 8, 'runner_ident': 'c9d033a7-fc57-476d-a0f9-22ab39e1d66b', 'created': '2024-09-09T14:30:38.759524'}
2024-09-09T14:30:38.768633+00:00 CRITICAL 'ansible_navigator.actions.run_playbook._handle_message' Unhandled message from runner queue, discarded: {'event': 'verbose', 'uuid': 'f5d75b47-d34e-49a9-bf75-83e9ae5c59d1', 'counter': 9, 'stdout': '\x1b[0;31m  - name: Ensure the webserver is reachable\x1b[0m', 'start_line': 8, 'end_line': 9, 'runner_ident': 'c9d033a7-fc57-476d-a0f9-22ab39e1d66b', 'created': '2024-09-09T14:30:38.759572'}
2024-09-09T14:30:38.768693+00:00 CRITICAL 'ansible_navigator.actions.run_playbook._handle_message' Unhandled message from runner queue, discarded: {'event': 'verbose', 'uuid': '53ae71b8-d816-4ad6-ad4d-b5605adde728', 'counter': 10, 'stdout': '\x1b[0;31m    ^ here\x1b[0m', 'start_line': 9, 'end_line': 10, 'runner_ident': 'c9d033a7-fc57-476d-a0f9-22ab39e1d66b', 'created': '2024-09-09T14:30:38.759615'}
2024-09-09T14:31:29.356108+00:00 CRITICAL 'ansible_navigator.actions.run_playbook._handle_message' Unhandled message from runner queue, discarded: {'event': 'verbose', 'uuid': 'c5e4d4e2-b8d5-43a7-ae79-c1580b427a62', 'counter': 1, 'stdout': '', 'start_line': 0, 'end_line': 1, 'runner_ident': '596dbd52-a659-4cfe-bd22-e2e5450ea6c4', 'created': '2024-09-09T14:31:29.347315'}
2024-09-09T14:31:29.356793+00:00 CRITICAL 'ansible_navigator.actions.run_playbook._handle_message' Unhandled message from runner queue, discarded: {'event': 'verbose', 'uuid': 'c4047d5e-16d5-4a85-b958-059e87da4203', 'counter': 2, 'stdout': 'playbook: /home/student/data-variables/playbook.yml', 'start_line': 1, 'end_line': 2, 'runner_ident': '596dbd52-a659-4cfe-bd22-e2e5450ea6c4', 'created': '2024-09-09T14:31:29.347556'}
